Log file open, 01/07/19 10:51:29
LogWindows: Failed to load 'aqProf.dll' (GetLastError=126)
LogWindows: File 'aqProf.dll' does not exist
LogWindows: Failed to load 'VtuneApi.dll' (GetLastError=126)
LogWindows: File 'VtuneApi.dll' does not exist
LogWindows: Failed to load 'VtuneApi32e.dll' (GetLastError=126)
LogWindows: File 'VtuneApi32e.dll' does not exist
LogInit: Display: Running engine for game: Odin
LogPlatformFile: Not using cached read wrapper
LogInit: Display: RandInit(-1783130149) SRandInit(-1783130149).
LogInit: Read version file with build ID '3709383'
LogInit: Overriding engine version to CL 3832480, compatible CL 3709383
LogInit: Registered custom module enumerator with build ID '3709383'
LogTaskGraph: Started task graph with 5 named threads and 14 total threads with 3 sets of task threads.
LogStats: Stats thread started at 0.203019
LogD3D11RHI: Aftermath initialized
LogModuleManager: Display: Found up-to-date module file ../../../Engine/Plugins/2D/Paper2D/Binaries/Win64/UE4Editor-Paper2D.dll (API version 3709383).
LogModuleManager: Display: Found up-to-date module file ../../../Engine/Plugins/2D/Paper2D/Binaries/Win64/UE4Editor-Paper2DEditor.dll (API version 3709383).
LogModuleManager: Display: Found up-to-date module file ../../../Engine/Plugins/2D/Paper2D/Binaries/Win64/UE4Editor-PaperSpriteSheetImporter.dll (API version 3709383).
LogModuleManager: Display: Found up-to-date module file ../../../Engine/Plugins/2D/Paper2D/Binaries/Win64/UE4Editor-PaperTiledImporter.dll (API version 3709383).
LogModuleManager: Display: Found up-to-date module file ../../../Engine/Plugins/2D/Paper2D/Binaries/Win64/UE4Editor-SmartSnapping.dll (API version 3709383).
LogModuleManager: Display: Found up-to-date module file ../../../Engine/Plugins/Blendables/LightPropagationVolume/Binaries/Win64/UE4Editor-LightPropagationVolumeRuntime.dll (API version 3709383).
LogModuleManager: Display: Found up-to-date module file ../../../Engine/Plugins/Blendables/LightPropagationVolume/Binaries/Win64/UE4Editor-LightPropagationVolumeEditor.dll (API version 3709383).
LogModuleManager: Display: Found up-to-date module file ../../../Engine/Plugins/Developer/GitSourceControl/Binaries/Win64/UE4Editor-GitSourceControl.dll (API version 3709383).
LogModuleManager: Display: Found up-to-date module file ../../../Engine/Plugins/Developer/PerforceSourceControl/Binaries/Win64/UE4Editor-PerforceSourceControl.dll (API version 3709383).
LogModuleManager: Display: Found up-to-date module file ../../../Engine/Plugins/Developer/SubversionSourceControl/Binaries/Win64/UE4Editor-SubversionSourceControl.dll (API version 3709383).
LogModuleManager: Display: Found up-to-date module file ../../../Engine/Plugins/Developer/UObjectPlugin/Binaries/Win64/UE4Editor-UObjectPlugin.dll (API version 3709383).
LogModuleManager: Display: Found up-to-date module file ../../../Engine/Plugins/Developer/VisualStudioCodeSourceCodeAccess/Binaries/Win64/UE4Editor-VisualStudioCodeSourceCodeAccess.dll (API version 3709383).
LogModuleManager: Display: Found up-to-date module file ../../../Engine/Plugins/Developer/VisualStudioSourceCodeAccess/Binaries/Win64/UE4Editor-VisualStudioSourceCodeAccess.dll (API version 3709383).
LogModuleManager: Display: Found up-to-date module file ../../../Engine/Plugins/Editor/AssetManagerEditor/Binaries/Win64/UE4Editor-AssetManagerEditor.dll (API version 3709383).
LogModuleManager: Display: Found up-to-date module file ../../../Engine/Plugins/Editor/AudioCapture/Binaries/Win64/UE4Editor-AudioCapture.dll (API version 3709383).
LogModuleManager: Display: Found up-to-date module file ../../../Engine/Plugins/Editor/FacialAnimation/Binaries/Win64/UE4Editor-FacialAnimation.dll (API version 3709383).
LogModuleManager: Display: Found up-to-date module file ../../../Engine/Plugins/Editor/FacialAnimation/Binaries/Win64/UE4Editor-FacialAnimationEditor.dll (API version 3709383).
LogModuleManager: Display: Found up-to-date module file ../../../Engine/Plugins/Editor/GameplayTagsEditor/Binaries/Win64/UE4Editor-GameplayTagsEditor.dll (API version 3709383).
LogModuleManager: Display: Found up-to-date module file ../../../Engine/Plugins/Editor/MobileLauncherProfileWizard/Binaries/Win64/UE4Editor-MobileLauncherProfileWizard.dll (API version 3709383).
LogModuleManager: Display: Found up-to-date module file ../../../Engine/Plugins/Editor/PluginBrowser/Binaries/Win64/UE4Editor-PluginBrowser.dll (API version 3709383).
LogModuleManager: Display: Found up-to-date module file ../../../Engine/Plugins/Editor/SpeedTreeImporter/Binaries/Win64/UE4Editor-SpeedTreeImporter.dll (API version 3709383).
LogModuleManager: Display: Found up-to-date module file ../../../Engine/Plugins/Experimental/AlembicImporter/Binaries/Win64/UE4Editor-AlembicImporter.dll (API version 3709383).
LogModuleManager: Display: Found up-to-date module file ../../../Engine/Plugins/Experimental/AlembicImporter/Binaries/Win64/UE4Editor-AlembicLibrary.dll (API version 3709383).
LogModuleManager: Display: Found up-to-date module file ../../../Engine/Plugins/Experimental/CharacterAI/Binaries/Win64/UE4Editor-CharacterAI.dll (API version 3709383).
LogModuleManager: Display: Found up-to-date module file ../../../Engine/Plugins/Experimental/HTML5Networking/Binaries/Win64/UE4Editor-HTML5Networking.dll (API version 3709383).
LogModuleManager: Display: Found up-to-date module file ../../../Engine/Plugins/Media/AndroidMedia/Binaries/Win64/UE4Editor-AndroidMediaEditor.dll (API version 3709383).
LogModuleManager: Display: Found up-to-date module file ../../../Engine/Plugins/Media/AndroidMedia/Binaries/Win64/UE4Editor-AndroidMediaFactory.dll (API version 3709383).
LogModuleManager: Display: Found up-to-date module file ../../../Engine/Plugins/Media/AvfMedia/Binaries/Win64/UE4Editor-AvfMediaEditor.dll (API version 3709383).
LogModuleManager: Display: Found up-to-date module file ../../../Engine/Plugins/Media/AvfMedia/Binaries/Win64/UE4Editor-AvfMediaFactory.dll (API version 3709383).
LogModuleManager: Display: Found up-to-date module file ../../../Engine/Plugins/Media/AvfMedia/Binaries/Win64/UE4Editor-AvfMediaFactory.dll (API version 3709383).
LogModuleManager: Display: Found up-to-date module file ../../../Engine/Plugins/Media/ImgMedia/Binaries/Win64/UE4Editor-ImgMedia.dll (API version 3709383).
LogModuleManager: Display: Found up-to-date module file ../../../Engine/Plugins/Media/ImgMedia/Binaries/Win64/UE4Editor-ImgMediaEditor.dll (API version 3709383).
LogModuleManager: Display: Found up-to-date module file ../../../Engine/Plugins/Media/ImgMedia/Binaries/Win64/UE4Editor-ImgMediaFactory.dll (API version 3709383).
LogModuleManager: Display: Found up-to-date module file ../../../Engine/Plugins/Media/ImgMedia/Binaries/Win64/UE4Editor-ImgMediaFactory.dll (API version 3709383).
LogModuleManager: Display: Found up-to-date module file ../../../Engine/Plugins/Media/ImgMedia/Binaries/Win64/UE4Editor-OpenExrWrapper.dll (API version 3709383).
LogModuleManager: Display: Found up-to-date module file ../../../Engine/Plugins/Media/MediaCompositing/Binaries/Win64/UE4Editor-MediaCompositing.dll (API version 3709383).
LogModuleManager: Display: Found up-to-date module file ../../../Engine/Plugins/Media/MediaCompositing/Binaries/Win64/UE4Editor-MediaCompositingEditor.dll (API version 3709383).
LogModuleManager: Display: Found up-to-date module file ../../../Engine/Plugins/Media/MediaPlayerEditor/Binaries/Win64/UE4Editor-MediaPlayerEditor.dll (API version 3709383).
LogModuleManager: Display: Found up-to-date module file ../../../Engine/Plugins/Media/WmfMedia/Binaries/Win64/UE4Editor-WmfMedia.dll (API version 3709383).
LogModuleManager: Display: Found up-to-date module file ../../../Engine/Plugins/Media/WmfMedia/Binaries/Win64/UE4Editor-WmfMediaEditor.dll (API version 3709383).
LogModuleManager: Display: Found up-to-date module file ../../../Engine/Plugins/Media/WmfMedia/Binaries/Win64/UE4Editor-WmfMediaFactory.dll (API version 3709383).
LogModuleManager: Display: Found up-to-date module file ../../../Engine/Plugins/Media/WmfMedia/Binaries/Win64/UE4Editor-WmfMediaFactory.dll (API version 3709383).
LogModuleManager: Display: Found up-to-date module file ../../../Engine/Plugins/Messaging/TcpMessaging/Binaries/Win64/UE4Editor-TcpMessaging.dll (API version 3709383).
LogModuleManager: Display: Found up-to-date module file ../../../Engine/Plugins/Messaging/UdpMessaging/Binaries/Win64/UE4Editor-UdpMessaging.dll (API version 3709383).
LogModuleManager: Display: Found up-to-date module file ../../../Engine/Plugins/MovieScene/ActorSequence/Binaries/Win64/UE4Editor-ActorSequence.dll (API version 3709383).
LogModuleManager: Display: Found up-to-date module file ../../../Engine/Plugins/MovieScene/LevelSequenceEditor/Binaries/Win64/UE4Editor-LevelSequenceEditor.dll (API version 3709383).
LogModuleManager: Display: Found up-to-date module file ../../../Engine/Plugins/MovieScene/MatineeToLevelSequence/Binaries/Win64/UE4Editor-MatineeToLevelSequence.dll (API version 3709383).
LogModuleManager: Display: Found up-to-date module file ../../../Engine/Plugins/Online/OnlineSubsystem/Binaries/Win64/UE4Editor-OnlineSubsystem.dll (API version 3709383).
LogModuleManager: Display: Found up-to-date module file ../../../Engine/Plugins/Runtime/AndroidPermission/Binaries/Win64/UE4Editor-AndroidPermission.dll (API version 3709383).
LogModuleManager: Display: Found up-to-date module file ../../../Engine/Plugins/Online/OnlineSubsystemNull/Binaries/Win64/UE4Editor-OnlineSubsystemNull.dll (API version 3709383).
LogModuleManager: Display: Found up-to-date module file ../../../Engine/Plugins/Online/OnlineSubsystemUtils/Binaries/Win64/UE4Editor-OnlineSubsystemUtils.dll (API version 3709383).
LogModuleManager: Display: Found up-to-date module file ../../../Engine/Plugins/Online/OnlineSubsystemUtils/Binaries/Win64/UE4Editor-OnlineBlueprintSupport.dll (API version 3709383).
LogModuleManager: Display: Found up-to-date module file ../../../Engine/Plugins/Runtime/AndroidDeviceProfileSelector/Binaries/Win64/UE4Editor-AndroidDeviceProfileSelector.dll (API version 3709383).
LogModuleManager: Display: Found up-to-date module file ../../../Engine/Plugins/Runtime/AppleARKit/Binaries/Win64/UE4Editor-AppleARKit.dll (API version 3709383).
LogModuleManager: Display: Found up-to-date module file ../../../Engine/Plugins/Runtime/ArchVisCharacter/Binaries/Win64/UE4Editor-ArchVisCharacter.dll (API version 3709383).
LogModuleManager: Display: Found up-to-date module file ../../../Engine/Plugins/Runtime/CableComponent/Binaries/Win64/UE4Editor-CableComponent.dll (API version 3709383).
LogModuleManager: Display: Found up-to-date module file ../../../Engine/Plugins/Runtime/CustomMeshComponent/Binaries/Win64/UE4Editor-CustomMeshComponent.dll (API version 3709383).
LogModuleManager: Display: Found up-to-date module file ../../../Engine/Plugins/Runtime/ExampleDeviceProfileSelector/Binaries/Win64/UE4Editor-ExampleDeviceProfileSelector.dll (API version 3709383).
LogModuleManager: Display: Found up-to-date module file ../../../Engine/Plugins/Runtime/ImmediatePhysics/Binaries/Win64/UE4Editor-ImmediatePhysics.dll (API version 3709383).
LogModuleManager: Display: Found up-to-date module file ../../../Engine/Plugins/Runtime/ImmediatePhysics/Binaries/Win64/UE4Editor-ImmediatePhysicsEditor.dll (API version 3709383).
LogModuleManager: Display: Found up-to-date module file ../../../Engine/Plugins/Runtime/LocationServicesBPLibrary/Binaries/Win64/UE4Editor-LocationServicesBPLibrary.dll (API version 3709383).
LogModuleManager: Display: Found up-to-date module file ../../../Engine/Plugins/Runtime/MobilePatchingUtils/Binaries/Win64/UE4Editor-MobilePatchingUtils.dll (API version 3709383).
LogModuleManager: Display: Found up-to-date module file ../../../Engine/Plugins/Runtime/Oculus/OculusVR/Binaries/Win64/UE4Editor-OculusHMD.dll (API version 3709383).
LogModuleManager: Display: Found up-to-date module file ../../../Engine/Plugins/Runtime/Oculus/OculusVR/Binaries/Win64/UE4Editor-OculusInput.dll (API version 3709383).
LogModuleManager: Display: Found up-to-date module file ../../../Engine/Plugins/Runtime/Oculus/OculusVR/Binaries/Win64/UE4Editor-OculusEditor.dll (API version 3709383).
LogModuleManager: Display: Found up-to-date module file ../../../Engine/Plugins/Runtime/PhysXVehicles/Binaries/Win64/UE4Editor-PhysXVehicles.dll (API version 3709383).
LogModuleManager: Display: Found up-to-date module file ../../../Engine/Plugins/Runtime/PhysXVehicles/Binaries/Win64/UE4Editor-PhysXVehiclesEditor.dll (API version 3709383).
LogModuleManager: Display: Found up-to-date module file ../../../Engine/Plugins/Runtime/ProceduralMeshComponent/Binaries/Win64/UE4Editor-ProceduralMeshComponent.dll (API version 3709383).
LogModuleManager: Display: Found up-to-date module file ../../../Engine/Plugins/Runtime/ProceduralMeshComponent/Binaries/Win64/UE4Editor-ProceduralMeshComponentEditor.dll (API version 3709383).
LogModuleManager: Display: Found up-to-date module file ../../../Engine/Plugins/Runtime/RuntimePhysXCooking/Binaries/Win64/UE4Editor-RuntimePhysXCooking.dll (API version 3709383).
LogModuleManager: Display: Found up-to-date module file ../../../Engine/Plugins/Runtime/Steam/SteamVR/Binaries/Win64/UE4Editor-SteamVR.dll (API version 3709383).
LogModuleManager: Display: Found up-to-date module file ../../../Engine/Plugins/Runtime/Steam/SteamVR/Binaries/Win64/UE4Editor-SteamVRController.dll (API version 3709383).
LogModuleManager: Display: Found up-to-date module file ../../../Engine/Plugins/Runtime/WindowsMoviePlayer/Binaries/Win64/UE4Editor-WindowsMoviePlayer.dll (API version 3709383).
LogPluginManager: Mounting plugin Paper2D
LogPluginManager: Mounting plugin LightPropagationVolume
LogPluginManager: Mounting plugin CodeLiteSourceCodeAccess
LogPluginManager: Mounting plugin GitSourceControl
LogPluginManager: Mounting plugin KDevelopSourceCodeAccess
LogPluginManager: Mounting plugin NullSourceCodeAccess
LogPluginManager: Mounting plugin PerforceSourceControl
LogPluginManager: Mounting plugin SubversionSourceControl
LogPluginManager: Mounting plugin UObjectPlugin
LogPluginManager: Mounting plugin VisualStudioCodeSourceCodeAccess
LogPluginManager: Mounting plugin VisualStudioSourceCodeAccess
LogPluginManager: Mounting plugin XCodeSourceCodeAccess
LogPluginManager: Mounting plugin AssetManagerEditor
LogPluginManager: Mounting plugin AudioCapture
LogPluginManager: Mounting plugin FacialAnimation
LogPluginManager: Mounting plugin GameplayTagsEditor
LogPluginManager: Mounting plugin MobileLauncherProfileWizard
LogPluginManager: Mounting plugin PluginBrowser
LogPluginManager: Mounting plugin SpeedTreeImporter
LogPluginManager: Mounting plugin AlembicImporter
LogPluginManager: Mounting plugin CharacterAI
LogPluginManager: Mounting plugin HTML5Networking
LogPluginManager: Mounting plugin AndroidMedia
LogPluginManager: Mounting plugin AvfMedia
LogPluginManager: Mounting plugin ImgMedia
LogPluginManager: Mounting plugin MediaCompositing
LogPluginManager: Mounting plugin MediaPlayerEditor
LogPluginManager: Mounting plugin WmfMedia
LogPluginManager: Mounting plugin TcpMessaging
LogPluginManager: Mounting plugin UdpMessaging
LogPluginManager: Mounting plugin ActorSequence
LogPluginManager: Mounting plugin LevelSequenceEditor
LogPluginManager: Mounting plugin MatineeToLevelSequence
LogPluginManager: Mounting plugin OnlineSubsystemGooglePlay
LogPluginManager: Mounting plugin OnlineSubsystemIOS
LogPluginManager: Mounting plugin OnlineSubsystem
LogPluginManager: Mounting plugin OnlineSubsystemNull
LogPluginManager: Mounting plugin OnlineSubsystemUtils
LogPluginManager: Mounting plugin AndroidDeviceProfileSelector
LogPluginManager: Mounting plugin AndroidMoviePlayer
LogPluginManager: Mounting plugin AndroidPermission
LogPluginManager: Mounting plugin AppleARKit
LogPluginManager: Mounting plugin AppleMoviePlayer
LogPluginManager: Mounting plugin ArchVisCharacter
LogPluginManager: Mounting plugin CableComponent
LogPluginManager: Mounting plugin CustomMeshComponent
LogPluginManager: Mounting plugin ExampleDeviceProfileSelector
LogPluginManager: Mounting plugin GoogleCloudMessaging
LogPluginManager: Mounting plugin ImmediatePhysics
LogPluginManager: Mounting plugin IOSDeviceProfileSelector
LogPluginManager: Mounting plugin LinuxDeviceProfileSelector
LogPluginManager: Mounting plugin LocationServicesBPLibrary
LogPluginManager: Mounting plugin MobilePatchingUtils
LogPluginManager: Mounting plugin OculusVR
LogPluginManager: Plugin shader directory ../../../Engine/Plugins/Runtime/Oculus/OculusVR/Shaders found
LogPluginManager: Mapping shader source directory ../../../Engine/Plugins/Runtime/Oculus/OculusVR/Shaders to virtual directory /Plugin/OculusVR
LogPluginManager: Mounting plugin PhysXVehicles
LogPluginManager: Mounting plugin ProceduralMeshComponent
LogPluginManager: Mounting plugin RuntimePhysXCooking
LogPluginManager: Mounting plugin SteamVR
LogPluginManager: Mounting plugin WindowsMoviePlayer
LogInit: Using libcurl 7.47.1
LogInit:  - built for x86_64-pc-win32
LogInit:  - supports SSL with OpenSSL/1.0.2g
LogInit:  - supports HTTP deflate (compression) using libz 1.2.8
LogInit:  - other features:
LogInit:      CURL_VERSION_SSL
LogInit:      CURL_VERSION_LIBZ
LogInit:      CURL_VERSION_IPV6
LogInit:      CURL_VERSION_ASYNCHDNS
LogInit:      CURL_VERSION_LARGEFILE
LogInit:      CURL_VERSION_IDN
LogInit:  CurlRequestOptions (configurable via config and command line):
LogInit:  - bVerifyPeer = false  - Libcurl will NOT verify peer certificate
LogInit:  - bUseHttpProxy = false  - Libcurl will NOT use HTTP proxy
LogInit:  - bDontReuseConnections = false  - Libcurl will reuse connections
LogInit:  - CertBundlePath = nullptr  - Libcurl will use whatever was configured at build time.
LogInit: Build: ++UE4+Release-4.18-CL-3832480
LogInit: Engine Version: 4.18.3-3832480+++UE4+Release-4.18
LogInit: Compatible Engine Version: 4.18.0-3709383+++UE4+Release-4.18
LogInit: Net CL: 3709383
LogDevObjectVersion: Number of dev versions registered: 16
LogDevObjectVersion:   Dev-Blueprints (B0D832E4-1F89-4F0D-ACCF-7EB736FD4AA2): 10
LogDevObjectVersion:   Dev-Build (E1C64328-A22C-4D53-A36C-8E866417BD8C): 0
LogDevObjectVersion:   Dev-Core (375EC13C-06E4-48FB-B500-84F0262A717E): 2
LogDevObjectVersion:   Dev-Editor (E4B068ED-F494-42E9-A231-DA0B2E46BB41): 20
LogDevObjectVersion:   Dev-Framework (CFFC743F-43B0-4480-9391-14DF171D2073): 30
LogDevObjectVersion:   Dev-Mobile (B02B49B5-BB20-44E9-A304-32B752E40360): 0
LogDevObjectVersion:   Dev-Networking (A4E4105C-59A1-49B5-A7C5-40C4547EDFEE): 0
LogDevObjectVersion:   Dev-Online (39C831C9-5AE6-47DC-9A44-9C173E1C8E7C): 0
LogDevObjectVersion:   Dev-Physics (78F01B33-EBEA-4F98-B9B4-84EACCB95AA2): 0
LogDevObjectVersion:   Dev-Platform (6631380F-2D4D-43E0-8009-CF276956A95A): 0
LogDevObjectVersion:   Dev-Rendering (12F88B9F-8875-4AFC-A67C-D90C383ABD29): 20
LogDevObjectVersion:   Dev-Sequencer (7B5AE74C-D270-4C10-A958-57980B212A5A): 4
LogDevObjectVersion:   Dev-VR (D7296918-1DD6-4BDD-9DE2-64A83CC13884): 0
LogDevObjectVersion:   Dev-LoadTimes (C2A15278-BFE7-4AFE-6C17-90FF531DF755): 1
LogDevObjectVersion:   Private-Geometry (6EACA3D4-40EC-4CC1-B786-8BED09428FC5): 1
LogDevObjectVersion:   Dev-AnimPhys (29E575DD-E0A3-4627-9D10-D276232CDCEA): 12
LogInit: Compiled (64-bit): Jan 12 2018 02:04:55
LogInit: Compiled with Visual C++: 19.00.24215.01
LogInit: Build Configuration: Development
LogInit: Branch Name: ++UE4+Release-4.18
LogInit: Command line:  
LogInit: Base directory: E:/Unreal4/UE_4.18/Engine/Binaries/Win64/
LogInit: Installed Engine Build: 1
LogInit: Presizing for max 8388607 objects, including 0 objects not considered by GC, pre-allocating 0 bytes for permanent pool.
LogInit: Object subsystem initialized
[2019.01.07-02.51.32:053][  0]LogInit: Selected Device Profile: [Windows]
[2019.01.07-02.51.32:053][  0]LogInit: Applying CVar settings loaded from the selected device profile: [Windows]
[2019.01.07-02.51.32:064][  0]LogInit: Computer: USERUSE-6DRORO9
[2019.01.07-02.51.32:064][  0]LogInit: User: Administrator
[2019.01.07-02.51.32:064][  0]LogInit: CPU Page size=4096, Cores=4
[2019.01.07-02.51.32:064][  0]LogInit: High frequency timer resolution =3.312647 MHz
[2019.01.07-02.51.32:064][  0]LogMemory: Memory total: Physical=16.0GB (16GB approx)
[2019.01.07-02.51.32:064][  0]LogMemory: Platform Memory Stats for Windows
[2019.01.07-02.51.32:064][  0]LogMemory: Process Physical Memory: 272.90 MB used, 272.90 MB peak
[2019.01.07-02.51.32:064][  0]LogMemory: Process Virtual Memory: 269.80 MB used, 269.80 MB peak
[2019.01.07-02.51.32:064][  0]LogMemory: Physical Memory: 6674.11 MB used,  9661.55 MB free, 16335.66 MB total
[2019.01.07-02.51.32:064][  0]LogMemory: Virtual Memory: 643.08 MB used,  9661.55 MB free, 134217728.00 MB total
[2019.01.07-02.51.32:246][  0]LogInit: Using OS detected language (zh-CN).
[2019.01.07-02.51.32:246][  0]LogInit: Using OS detected locale (zh-CN).
[2019.01.07-02.51.32:409][  0]LogInit: Setting process to per monitor DPI aware
[2019.01.07-02.51.33:034][  0]LogD3D11RHI: D3D11 adapters:
[2019.01.07-02.51.33:161][  0]LogD3D11RHI:    0. 'NVIDIA GeForce GTX 1060 3GB' (Feature Level 11_0)
[2019.01.07-02.51.33:161][  0]LogD3D11RHI:       2990/0/8167 MB DedicatedVideo/DedicatedSystem/SharedSystem, Outputs:1, VendorId:0x10de
[2019.01.07-02.51.33:168][  0]LogD3D11RHI:    1. 'Microsoft Basic Render Driver' (Feature Level 11_0)
[2019.01.07-02.51.33:168][  0]LogD3D11RHI:       0/0/8167 MB DedicatedVideo/DedicatedSystem/SharedSystem, Outputs:0, VendorId:0x1414
[2019.01.07-02.51.33:168][  0]LogD3D11RHI: Chosen D3D11 Adapter: 0
[2019.01.07-02.51.33:175][  0]LogD3D11RHI: Creating new Direct3DDevice
[2019.01.07-02.51.33:175][  0]LogD3D11RHI:     GPU DeviceId: 0x1c02 (for the marketing name, search the web for "GPU Device Id")
[2019.01.07-02.51.33:175][  0]LogWindows: EnumDisplayDevices:
[2019.01.07-02.51.33:176][  0]LogWindows:    0. 'NVIDIA GeForce GTX 1060 3GB' (P:1 D:1)
[2019.01.07-02.51.33:179][  0]LogWindows:    1. 'NVIDIA GeForce GTX 1060 3GB' (P:0 D:0)
[2019.01.07-02.51.33:183][  0]LogWindows:    2. 'NVIDIA GeForce GTX 1060 3GB' (P:0 D:0)
[2019.01.07-02.51.33:186][  0]LogWindows:    3. 'NVIDIA GeForce GTX 1060 3GB' (P:0 D:0)
[2019.01.07-02.51.33:187][  0]LogWindows: DebugString: FoundDriverCount:4 
[2019.01.07-02.51.33:187][  0]LogD3D11RHI:     Adapter Name: NVIDIA GeForce GTX 1060 3GB
[2019.01.07-02.51.33:187][  0]LogD3D11RHI:   Driver Version: 391.35 (internal:23.21.13.9135, unified:391.35)
[2019.01.07-02.51.33:187][  0]LogD3D11RHI:      Driver Date: 3-23-2018
[2019.01.07-02.51.33:187][  0]LogRHI: Texture pool is 2093 MB (70% of 2990 MB)
[2019.01.07-02.51.33:240][  0]LogD3D11RHI: Async texture creation enabled
[2019.01.07-02.51.33:261][  0]LogD3D11RHI: GPU Timing Frequency: 1000.000000 (Debug: 2 2)
[2019.01.07-02.51.33:269][  0]LogShaderCompilers: Guid format shader working directory is 41 characters bigger than the processId version (J:/Odin/Odin/Intermediate/Shaders/WorkingDirectory/15968/).
[2019.01.07-02.51.33:269][  0]LogShaderCompilers: Cleaned the shader compiler working directory 'C:/Users/Administrator/AppData/Local/Temp/UnrealShaderWorkingDir/1366E2C94B970395B2B03786022565C8/'.
[2019.01.07-02.51.33:270][  0]LogShaderCompilers: Display: Using Local Shader Compiler.
[2019.01.07-02.51.34:792][  0]LogTemp: Display: Loaded TP AllDesktopTargetPlatform
[2019.01.07-02.51.34:858][  0]LogTemp: Display: Loaded TP MacClientTargetPlatform
[2019.01.07-02.51.34:931][  0]LogTemp: Display: Loaded TP MacNoEditorTargetPlatform
[2019.01.07-02.51.35:003][  0]LogTemp: Display: Loaded TP MacServerTargetPlatform
[2019.01.07-02.51.35:087][  0]LogTemp: Display: Loaded TP MacTargetPlatform
[2019.01.07-02.51.35:163][  0]LogTemp: Display: Loaded TP WindowsClientTargetPlatform
[2019.01.07-02.51.35:236][  0]LogTemp: Display: Loaded TP WindowsNoEditorTargetPlatform
[2019.01.07-02.51.35:316][  0]LogTemp: Display: Loaded TP WindowsServerTargetPlatform
[2019.01.07-02.51.35:400][  0]LogTemp: Display: Loaded TP WindowsTargetPlatform
[2019.01.07-02.51.35:469][  0]LogTemp: Display: Loaded TP Android_ASTCTargetPlatform
[2019.01.07-02.51.35:534][  0]LogTemp: Display: Loaded TP Android_ATCTargetPlatform
[2019.01.07-02.51.35:619][  0]LogTemp: Display: Loaded TP Android_DXTTargetPlatform
[2019.01.07-02.51.35:679][  0]LogTemp: Display: Loaded TP Android_ETC1TargetPlatform
[2019.01.07-02.51.35:742][  0]LogTemp: Display: Loaded TP Android_ETC2TargetPlatform
[2019.01.07-02.51.35:881][  0]LogTemp: Display: Loaded TP Android_MultiTargetPlatform
[2019.01.07-02.51.35:881][  0]LogTemp: Display: Loaded TP Android_PVRTCTargetPlatform
[2019.01.07-02.51.35:951][  0]LogTemp: Display: Loaded TP AndroidTargetPlatform
[2019.01.07-02.51.36:010][  0]LogTemp: Display: Loaded TP HTML5TargetPlatform
[2019.01.07-02.51.36:129][  0]LogTemp: Display: Loaded TP IOSTargetPlatform
[2019.01.07-02.51.36:156][  0]LogTemp: Display: Loaded TP TVOSTargetPlatform
[2019.01.07-02.51.36:232][  0]LogTemp: Display: Loaded TP LinuxClientTargetPlatform
[2019.01.07-02.51.36:303][  0]LogTemp: Display: Loaded TP LinuxNoEditorTargetPlatform
[2019.01.07-02.51.36:370][  0]LogTemp: Display: Loaded TP LinuxServerTargetPlatform
[2019.01.07-02.51.36:442][  0]LogTemp: Display: Loaded TP LinuxTargetPlatform
[2019.01.07-02.51.36:442][  0]LogTargetPlatformManager: Display: Building Assets For Windows
[2019.01.07-02.51.37:090][  0]LogDerivedDataCache: Display: Max Cache Size: 512 MB
[2019.01.07-02.51.37:250][  0]LogDerivedDataCache: Loaded boot cache 0.16s 78MB C:/Users/Administrator/AppData/Local/UnrealEngine/4.18/DerivedDataCache/Boot.ddc.
[2019.01.07-02.51.37:250][  0]LogDerivedDataCache: Display: Loaded Boot cache: C:/Users/Administrator/AppData/Local/UnrealEngine/4.18/DerivedDataCache/Boot.ddc
[2019.01.07-02.51.37:250][  0]LogDerivedDataCache: FDerivedDataBackendGraph:  Pak pak cache file J:/Odin/Odin/DerivedDataCache/DDC.ddp not found, will not use a pak cache.
[2019.01.07-02.51.37:250][  0]LogDerivedDataCache: Unable to find inner node Pak for hierarchical cache Hierarchy.
[2019.01.07-02.51.37:250][  0]LogDerivedDataCache: FDerivedDataBackendGraph:  CompressedPak pak cache file J:/Odin/Odin/DerivedDataCache/Compressed.ddp not found, will not use a pak cache.
[2019.01.07-02.51.37:250][  0]LogDerivedDataCache: Unable to find inner node CompressedPak for hierarchical cache Hierarchy.
[2019.01.07-02.51.37:272][  0]LogDerivedDataCache: Display: Pak cache opened for reading ../../../Engine/DerivedDataCache/Compressed.ddp.
[2019.01.07-02.51.37:286][  0]LogDerivedDataCache: Using Local data cache path C:/Users/Administrator/AppData/Local/UnrealEngine/Common/DerivedDataCache: Writable
[2019.01.07-02.51.37:303][  0]LogMaterial: Verifying Global Shaders for PCD3D_SM5
[2019.01.07-02.51.37:304][  0]LogSlate: Using Freetype 2.6.0
[2019.01.07-02.51.37:305][  0]LogSlate: SlateFontCache - WITH_FREETYPE: 1, WITH_HARFBUZZ: 1
[2019.01.07-02.51.37:305][  0]LogSlate: SlateFontCache - WITH_FREETYPE: 1, WITH_HARFBUZZ: 1
[2019.01.07-02.51.37:925][  0]LogInit: Selected Device Profile: [Windows]
[2019.01.07-02.51.38:405][  0]LogSimplygon: Simplygon DLL not present - disabling.
[2019.01.07-02.51.38:468][  0]LogMeshReduction: Using SimplygonSwarm for distributed automatic mesh merging
[2019.01.07-02.51.38:468][  0]LogMeshReduction: Using QuadricMeshReduction for automatic static mesh reduction
[2019.01.07-02.51.38:468][  0]LogMeshReduction: No automatic skeletal mesh reduction module available
[2019.01.07-02.51.38:468][  0]LogMeshReduction: No automatic mesh merging module available
[2019.01.07-02.51.38:468][  0]LogMeshMerging: No automatic mesh merging module available
[2019.01.07-02.51.38:538][  0]LogNetVersion: Odin , NetCL: 3709383, EngineNetVer: 2, GameNetVer: 0 (Checksum: 2190675332)
[2019.01.07-02.51.38:775][  0]LogAssetRegistry: FAssetRegistry took 0.0288 seconds to start up
[2019.01.07-02.51.39:722][  0]LogPackageLocalizationCache: Processed 7 localized package path(s) for 4 prioritized culture(s) in 0.206787 seconds
[2019.01.07-02.51.39:733][  0]LogUObjectArray: 35870 objects as part of root set at end of initial load.
[2019.01.07-02.51.39:734][  0]LogUObjectAllocator: 7363704 out of 0 bytes used by permanent object pool.
[2019.01.07-02.51.39:734][  0]LogUObjectArray: CloseDisregardForGC: 0/0 objects in disregard for GC pool
[2019.01.07-02.51.39:794][  0]LogInit: WinSock: version 1.1 (2.2), MaxSocks=32767, MaxUdp=65467
[2019.01.07-02.51.44:235][  0]LogTcpMessaging: Initializing TcpMessaging bridge
[2019.01.07-02.51.44:307][  0]LogUdpMessaging: Initializing bridge on interface 0.0.0.0:0 to multicast group 230.0.0.1:6666.
[2019.01.07-02.51.45:447][  0]LogMaterial: Uniform references updated for custom material expression Custom.
[2019.01.07-02.51.46:151][  0]SourceControl: 源码控制已禁用
[2019.01.07-02.51.46:151][  0]SourceControl: 源码控制已禁用
[2019.01.07-02.51.46:254][  0]SourceControl: 源码控制已禁用
[2019.01.07-02.51.46:349][  0]SourceControl: 源码控制已禁用
[2019.01.07-02.51.47:784][  0]LogAndroidPermission: UAndroidPermissionCallbackProxy::GetInstance
[2019.01.07-02.51.48:285][  0]LogOcInput: OculusInput pre-init called
[2019.01.07-02.51.48:758][  0]LogEngine: Initializing Engine...
[2019.01.07-02.51.48:803][  0]LogHMD: Failed to initialize OpenVR with code 126
[2019.01.07-02.51.49:187][  0]LogStats: UGameplayTagsManager::ConstructGameplayTagTree: Construct from data asset -  0.000 s
[2019.01.07-02.51.49:187][  0]LogStats: UGameplayTagsManager::ConstructGameplayTagTree: GameplayTagTreeChangedEvent.Broadcast -  0.000 s
[2019.01.07-02.51.49:376][  0]LogAIModule: Creating AISystem for world Untitled
[2019.01.07-02.51.49:441][  0]LogInit: XAudio2 using 'Realtek Digital Output(Optical) (Realtek High Definition Audio)' : 2 channels at 48 kHz using 16 bits per sample (channel mask 0x3)
[2019.01.07-02.51.49:524][  0]LogInit: FAudioDevice initialized.
[2019.01.07-02.51.49:692][  0]LogDerivedDataCache: Saved boot cache 0.17s 78MB C:/Users/Administrator/AppData/Local/UnrealEngine/4.18/DerivedDataCache/Boot.ddc.
[2019.01.07-02.51.49:716][  0]LogInit: Texture streaming: Enabled
[2019.01.07-02.51.49:854][  0]LogEngineSessionManager: EngineSessionManager initialized
[2019.01.07-02.51.49:871][  0]LogEngineSessionManager: EngineSessionManager sent abnormal shutdown report. Type=Debugger, SessionId={296702C6-472A-BC25-ABFA-1DAB5F16FEF4}
[2019.01.07-02.51.50:049][  0]LogInit: Transaction tracking system initialized
[2019.01.07-02.51.50:517][  0]BlueprintLog: New page: 编辑器加载
[2019.01.07-02.51.51:824][  0]LocalizationService: 本地化服务已被禁用
[2019.01.07-02.51.53:153][  0]LogConsoleResponse: Display: 
[2019.01.07-02.51.53:643][  0]LogCook: Display: Max memory allowance for cook 16384mb min free memory 0mb
[2019.01.07-02.51.53:644][  0]LogCook: Display: Mobile HDR setting 1
[2019.01.07-02.51.53:644][  0]LogGameplayTags: Display: UGameplayTagsManager::DoneAddingNativeTags. DelegateIsBound: 0
[2019.01.07-02.51.53:956][  0]LogFileCache: Scanning file cache for directory 'J:/Odin/Odin/Content/' took 0.02s
[2019.01.07-02.51.56:742][  0]SourceControl: 源码控制已禁用
[2019.01.07-02.51.56:742][  0]Cmd: MAP LOAD FILE="J:/Odin/Odin/Content/ThirdPersonBP/Maps/ThirdPersonExampleMap.umap" TEMPLATE=0 SHOWPROGRESS=1 FEATURELEVEL=3
[2019.01.07-02.51.56:749][  0]LogEditorServer: Warning: Can't find file 'J:/Odin/Odin/Content/ThirdPersonBP/Maps/ThirdPersonExampleMap.umap'
[2019.01.07-02.51.56:749][  0]Cmd: MAP CHECKDEP NOCLEARLOG
[2019.01.07-02.51.56:863][  0]MapCheck: 地图检测完成：0个错误，0 个警告，用时113.075毫秒完成。
[2019.01.07-02.51.56:863][  0]LogFileHelpers: Loading map 'ThirdPersonExampleMap' took 0.121
[2019.01.07-02.51.56:947][  0]LogWindowsTextInputMethodSystem: Display: IME system now activated using TSF (微软拼音).
[2019.01.07-02.51.57:093][  0]LogCollectionManager: Loaded 0 collections in 0.002126 seconds
[2019.01.07-02.51.57:198][  0]LogFileCache: Scanning file cache for directory 'J:/Odin/Odin/Saved/Collections/' took 0.01s
[2019.01.07-02.51.57:198][  0]LogFileCache: Scanning file cache for directory 'J:/Odin/Odin/Content/Developers/Administrator/Collections/' took 0.01s
[2019.01.07-02.51.57:198][  0]LogFileCache: Scanning file cache for directory 'J:/Odin/Odin/Content/Collections/' took 0.01s
[2019.01.07-02.51.57:198][  0]LogCollectionManager: Rebuilt the GUID cache for 0 collections in 0.000001 seconds
[2019.01.07-02.51.57:212][  0]LogContentBrowser: Native class hierarchy populated in 0.0134 seconds. Added 2363 classes and 519 folders.
[2019.01.07-02.51.57:300][  0]LogContentBrowser: Native class hierarchy updated for 'WidgetCarousel' in 0.0005 seconds. Added 0 classes and 0 folders.
[2019.01.07-02.51.57:404][  0]LogContentBrowser: Native class hierarchy updated for 'AddContentDialog' in 0.0005 seconds. Added 0 classes and 0 folders.
[2019.01.07-02.51.57:461][  0]LogContentBrowser: Native class hierarchy updated for 'SceneOutliner' in 0.0004 seconds. Added 1 classes and 2 folders.
[2019.01.07-02.51.57:566][  0]LogSlate: Took 0.000554 seconds to synchronously load lazily loaded font '../../../Engine/Content/Slate/Fonts/Roboto-Regular.ttf' (155K)
[2019.01.07-02.51.57:574][  0]LogSlate: Took 0.006749 seconds to synchronously load lazily loaded font '../../../Engine/Content/Slate/Fonts/DroidSansFallback.ttf' (3848K)
[2019.01.07-02.51.57:575][  0]LogSlate: Took 0.000500 seconds to synchronously load lazily loaded font '../../../Engine/Content/Slate/Fonts/Roboto-Bold.ttf' (160K)
[2019.01.07-02.51.57:589][  0]LogSlate: Took 0.000466 seconds to synchronously load lazily loaded font '../../../Engine/Content/Editor/Slate/Fonts/FontAwesome.ttf' (139K)
[2019.01.07-02.51.57:734][  0]LogRenderer: Reallocating scene render targets to support 1616x576 Format 10 NumSamples 1 (Frame:1).
[2019.01.07-02.51.58:070][  0]LogContentBrowser: Native class hierarchy updated for 'HierarchicalLODOutliner' in 0.0008 seconds. Added 1 classes and 2 folders.
[2019.01.07-02.51.58:071][  0]LogLoad: (Engine Initialization) Total time: 30.65 seconds
[2019.01.07-02.51.58:071][  0]LogLoad: (Engine Initialization) Total Blueprint compile time: 0.00 seconds
[2019.01.07-02.51.58:071][  0]LogExternalProfiler: Found external profiler: VSPerf
[2019.01.07-02.51.58:071][  0]LogExternalProfiler: Using external profiler: VSPerf
[2019.01.07-02.51.58:099][  0]LogContentStreaming: Texture pool size now 1000 MB
[2019.01.07-02.51.58:123][  0]LogSlate: Took 0.000427 seconds to synchronously load lazily loaded font '../../../Engine/Content/Slate/Fonts/Roboto-Light.ttf' (159K)
[2019.01.07-02.51.58:167][  1]LogAssetRegistry: Asset discovery search completed in 19.4141 seconds
[2019.01.07-02.51.58:172][  1]LogCollectionManager: Rebuilt the object cache for 0 collections in 0.000001 seconds (found 0 objects)
[2019.01.07-02.51.58:172][  1]LogCollectionManager: Fixed up redirectors for 0 collections in 0.000202 seconds (updated 0 objects)
[2019.01.07-02.52.09:054][ 89]LogSlate: Took 0.000395 seconds to synchronously load lazily loaded font '../../../Engine/Content/Slate/Fonts/Roboto-Light.ttf' (159K)
[2019.01.07-02.52.10:134][ 89]LogSlate: Took 0.000425 seconds to synchronously load lazily loaded font '../../../Engine/Content/Slate/Fonts/Roboto-Regular.ttf' (155K)
[2019.01.07-02.52.10:351][ 89]LogAIModule: Creating AISystem for world FirstPersonExampleMap
[2019.01.07-02.52.10:391][ 89]Cmd: MAP LOAD FILE="J:/Odin/Odin/Content/Map/FirstPersonExampleMap.umap" TEMPLATE=0 SHOWPROGRESS=1 FEATURELEVEL=3
[2019.01.07-02.52.10:391][ 89]LightingResults: New page: 光照构建
[2019.01.07-02.52.10:451][ 89]LogContentBrowser: Native class hierarchy updated for 'StatsViewer' in 0.0004 seconds. Added 5 classes and 0 folders.
[2019.01.07-02.52.10:452][ 89]LoadErrors: New page: 正在加载地图： FirstPersonExampleMap.umap
[2019.01.07-02.52.10:453][ 89]MapCheck: New page: 地图检测
[2019.01.07-02.52.10:453][ 89]LightingResults: New page: 光照构建
[2019.01.07-02.52.10:603][ 89]LogEditorServer: Finished looking for orphan Actors (0.000 secs)
[2019.01.07-02.52.10:632][ 89]Cmd: MAP CHECKDEP NOCLEARLOG
[2019.01.07-02.52.10:749][ 89]MapCheck: 地图检测完成：0个错误，0 个警告，用时117.171毫秒完成。
[2019.01.07-02.52.10:749][ 89]LogFileHelpers: Loading map 'FirstPersonExampleMap' took 0.360
[2019.01.07-02.52.10:759][ 89]LoadErrors: Error: /Game/BluePrint/FirstPersonBP/Blueprints/FirstPersonCharacter  : Failed import for Blueprint /Game/BluePrint/FirstPersonBP/Blueprints/FirstPersonCharacter.FirstPersonCharacter /Game/BluePrint/FirstPersonBP/Blueprints/FirstPersonCharacter中的 [redirection] Referenced by export ObjectRedirector /Game/BluePrint/FirstPersonBP/Blueprints/FirstPersonCharacter.FirstPersonCharacter
[2019.01.07-02.52.10:759][ 89]LoadErrors: Warning: 创建导出：加载资源 'Arrow'的外部容器失败：FirstPersonCharacter_C /Game/Map/FirstPersonExampleMap.FirstPersonExampleMap:PersistentLevel.FirstPersonCharacter_C_1
[2019.01.07-02.52.10:759][ 89]LoadErrors: Warning: 创建导出：加载资源 'FirstPersonCamera'的外部容器失败：FirstPersonCharacter_C /Game/Map/FirstPersonExampleMap.FirstPersonExampleMap:PersistentLevel.FirstPersonCharacter_C_1
[2019.01.07-02.52.10:759][ 89]LoadErrors: Warning: 创建导出：加载资源 'CollisionCylinder'的外部容器失败：FirstPersonCharacter_C /Game/Map/FirstPersonExampleMap.FirstPersonExampleMap:PersistentLevel.FirstPersonCharacter_C_1
[2019.01.07-02.52.10:759][ 89]LoadErrors: Warning: 创建导出：加载资源 'CharMoveComp'的外部容器失败：FirstPersonCharacter_C /Game/Map/FirstPersonExampleMap.FirstPersonExampleMap:PersistentLevel.FirstPersonCharacter_C_1
[2019.01.07-02.52.10:759][ 89]LoadErrors: Warning: 创建导出：加载资源 'CharacterMesh0'的外部容器失败：FirstPersonCharacter_C /Game/Map/FirstPersonExampleMap.FirstPersonExampleMap:PersistentLevel.FirstPersonCharacter_C_1
[2019.01.07-02.52.10:759][ 89]LoadErrors: Warning: 创建导出：加载资源 'FP_Gun'的外部容器失败：FirstPersonCharacter_C /Game/Map/FirstPersonExampleMap.FirstPersonExampleMap:PersistentLevel.FirstPersonCharacter_C_1
[2019.01.07-02.52.10:759][ 89]LoadErrors: Warning: 创建导出：加载资源 'Mesh1P'的外部容器失败：FirstPersonCharacter_C /Game/Map/FirstPersonExampleMap.FirstPersonExampleMap:PersistentLevel.FirstPersonCharacter_C_1
[2019.01.07-02.52.13:696][299]LogAIModule: Creating AISystem for world ThirdPersonExampleMap
[2019.01.07-02.52.13:721][299]Cmd: MAP LOAD FILE="J:/Odin/Odin/Content/Map/ThirdPersonExampleMap.umap" TEMPLATE=0 SHOWPROGRESS=1 FEATURELEVEL=3
[2019.01.07-02.52.13:721][299]LightingResults: New page: 光照构建
[2019.01.07-02.52.13:722][299]LoadErrors: New page: 正在加载地图： ThirdPersonExampleMap.umap
[2019.01.07-02.52.13:723][299]MapCheck: New page: 地图检测
[2019.01.07-02.52.13:723][299]LightingResults: New page: 光照构建
[2019.01.07-02.52.13:872][299]LogEditorServer: Finished looking for orphan Actors (0.000 secs)
[2019.01.07-02.52.13:902][299]Cmd: MAP CHECKDEP NOCLEARLOG
[2019.01.07-02.52.14:018][299]MapCheck: 地图检测完成：0个错误，0 个警告，用时115.373毫秒完成。
[2019.01.07-02.52.14:018][299]LogFileHelpers: Loading map 'ThirdPersonExampleMap' took 0.299
[2019.01.07-02.52.14:027][299]LoadErrors: Error: /Game/BluePrint/ThirdPersonBP/Blueprints/ThirdPersonCharacter  : Failed import for Blueprint /Game/BluePrint/ThirdPersonBP/Blueprints/ThirdPersonCharacter.ThirdPersonCharacter /Game/BluePrint/ThirdPersonBP/Blueprints/ThirdPersonCharacter中的 [redirection] Referenced by export ObjectRedirector /Game/BluePrint/ThirdPersonBP/Blueprints/ThirdPersonCharacter.ThirdPersonCharacter
[2019.01.07-02.52.14:027][299]LoadErrors: Warning: 创建导出：加载资源 'Arrow'的外部容器失败：ThirdPersonCharacter_C /Game/Map/ThirdPersonExampleMap.ThirdPersonExampleMap:PersistentLevel.ThirdPersonCharacter_167
[2019.01.07-02.52.14:027][299]LoadErrors: Warning: 创建导出：加载资源 'FollowCamera'的外部容器失败：ThirdPersonCharacter_C /Game/Map/ThirdPersonExampleMap.ThirdPersonExampleMap:PersistentLevel.ThirdPersonCharacter_167
[2019.01.07-02.52.14:027][299]LoadErrors: Warning: 创建导出：加载资源 'CollisionCylinder'的外部容器失败：ThirdPersonCharacter_C /Game/Map/ThirdPersonExampleMap.ThirdPersonExampleMap:PersistentLevel.ThirdPersonCharacter_167
[2019.01.07-02.52.14:027][299]LoadErrors: Warning: 创建导出：加载资源 'CharMoveComp'的外部容器失败：ThirdPersonCharacter_C /Game/Map/ThirdPersonExampleMap.ThirdPersonExampleMap:PersistentLevel.ThirdPersonCharacter_167
[2019.01.07-02.52.14:027][299]LoadErrors: Warning: 创建导出：加载资源 'CharacterMesh0'的外部容器失败：ThirdPersonCharacter_C /Game/Map/ThirdPersonExampleMap.ThirdPersonExampleMap:PersistentLevel.ThirdPersonCharacter_167
[2019.01.07-02.52.14:028][299]LoadErrors: Warning: 创建导出：加载资源 'CameraBoom'的外部容器失败：ThirdPersonCharacter_C /Game/Map/ThirdPersonExampleMap.ThirdPersonExampleMap:PersistentLevel.ThirdPersonCharacter_167
[2019.01.07-03.29.52:722][300]LogAIModule: Creating AISystem for world FirstPersonExampleMap
[2019.01.07-03.29.52:863][300]Cmd: MAP LOAD FILE="J:/Odin/Odin/Content/Map/FirstPersonExampleMap.umap" TEMPLATE=0 SHOWPROGRESS=1 FEATURELEVEL=3
[2019.01.07-03.29.52:863][300]LightingResults: New page: 光照构建
[2019.01.07-03.29.52:869][300]LoadErrors: New page: 正在加载地图： FirstPersonExampleMap.umap
[2019.01.07-03.29.52:870][300]MapCheck: New page: 地图检测
[2019.01.07-03.29.52:870][300]LightingResults: New page: 光照构建
[2019.01.07-03.29.53:788][300]LogEditorServer: Finished looking for orphan Actors (0.000 secs)
[2019.01.07-03.29.53:878][300]Cmd: MAP CHECKDEP NOCLEARLOG
[2019.01.07-03.29.54:844][300]MapCheck: 地图检测完成：0个错误，0 个警告，用时965.498毫秒完成。
[2019.01.07-03.29.54:853][300]LogFileHelpers: Loading map 'FirstPersonExampleMap' took 2.019
[2019.01.07-03.29.54:868][300]LoadErrors: Error: /Game/BluePrint/FirstPersonBP/Blueprints/FirstPersonCharacter  : Failed import for Blueprint /Game/BluePrint/FirstPersonBP/Blueprints/FirstPersonCharacter.FirstPersonCharacter /Game/BluePrint/FirstPersonBP/Blueprints/FirstPersonCharacter中的 [redirection] Referenced by export ObjectRedirector /Game/BluePrint/FirstPersonBP/Blueprints/FirstPersonCharacter.FirstPersonCharacter
[2019.01.07-03.29.54:868][300]LoadErrors: Warning: 创建导出：加载资源 'Arrow'的外部容器失败：FirstPersonCharacter_C /Game/Map/FirstPersonExampleMap.FirstPersonExampleMap:PersistentLevel.FirstPersonCharacter_C_1
[2019.01.07-03.29.54:868][300]LoadErrors: Warning: 创建导出：加载资源 'FirstPersonCamera'的外部容器失败：FirstPersonCharacter_C /Game/Map/FirstPersonExampleMap.FirstPersonExampleMap:PersistentLevel.FirstPersonCharacter_C_1
[2019.01.07-03.29.54:868][300]LoadErrors: Warning: 创建导出：加载资源 'CollisionCylinder'的外部容器失败：FirstPersonCharacter_C /Game/Map/FirstPersonExampleMap.FirstPersonExampleMap:PersistentLevel.FirstPersonCharacter_C_1
[2019.01.07-03.29.54:868][300]LoadErrors: Warning: 创建导出：加载资源 'CharMoveComp'的外部容器失败：FirstPersonCharacter_C /Game/Map/FirstPersonExampleMap.FirstPersonExampleMap:PersistentLevel.FirstPersonCharacter_C_1
[2019.01.07-03.29.54:868][300]LoadErrors: Warning: 创建导出：加载资源 'CharacterMesh0'的外部容器失败：FirstPersonCharacter_C /Game/Map/FirstPersonExampleMap.FirstPersonExampleMap:PersistentLevel.FirstPersonCharacter_C_1
[2019.01.07-03.29.54:868][300]LoadErrors: Warning: 创建导出：加载资源 'FP_Gun'的外部容器失败：FirstPersonCharacter_C /Game/Map/FirstPersonExampleMap.FirstPersonExampleMap:PersistentLevel.FirstPersonCharacter_C_1
[2019.01.07-03.29.54:868][300]LoadErrors: Warning: 创建导出：加载资源 'Mesh1P'的外部容器失败：FirstPersonCharacter_C /Game/Map/FirstPersonExampleMap.FirstPersonExampleMap:PersistentLevel.FirstPersonCharacter_C_1
[2019.01.07-03.29.59:932][779]LogTemp: Repeating last play command: 选中的视口
[2019.01.07-03.30.02:791][779]LogBlueprintUserMessages: Early PlayInEditor Detection: Level '/Game/Map/FirstPersonExampleMap.FirstPersonExampleMap:PersistentLevel' has LevelScriptBlueprint '/Game/Map/FirstPersonExampleMap.FirstPersonExampleMap:PersistentLevel.FirstPersonExampleMap' with GeneratedClass '/Game/Map/FirstPersonExampleMap.FirstPersonExampleMap_C' with ClassGeneratedBy '/Game/Map/FirstPersonExampleMap.FirstPersonExampleMap:PersistentLevel.FirstPersonExampleMap'
[2019.01.07-03.30.03:256][779]LogPlayLevel: PlayLevel: No blueprints needed recompiling
[2019.01.07-03.30.03:542][779]PIE: New page: PIE会话: FirstPersonExampleMap (2019年1月7日 下午7:30:03)
[2019.01.07-03.30.03:618][779]LogPlayLevel: Creating play world package: /Game/Map/UEDPIE_0_FirstPersonExampleMap
[2019.01.07-03.30.03:865][779]LogPlayLevel: PIE: StaticDuplicateObject took: (0.247005s)
[2019.01.07-03.30.03:934][779]LogAIModule: Creating AISystem for world FirstPersonExampleMap
[2019.01.07-03.30.03:965][779]LogPlayLevel: PIE: World Init took: (0.099600s)
[2019.01.07-03.30.03:989][779]LogPlayLevel: PIE: Created PIE world by copying editor world from /Game/Map/FirstPersonExampleMap.FirstPersonExampleMap to /Game/Map/UEDPIE_0_FirstPersonExampleMap.FirstPersonExampleMap (0.394890s)
[2019.01.07-03.30.04:306][779]LogInit: XAudio2 using 'Realtek Digital Output(Optical) (Realtek High Definition Audio)' : 2 channels at 48 kHz using 16 bits per sample (channel mask 0x3)
[2019.01.07-03.30.04:425][779]LogInit: FAudioDevice initialized.
[2019.01.07-03.30.04:891][779]LogLinker: Warning: 无法寻找到文件'/Game/ThirdPersonBP/Blueprints/ThirdPersonGameMode'
[2019.01.07-03.30.04:905][779]LogLinker: Warning: 无法寻找到文件'/Game/ThirdPersonBP/Blueprints/ThirdPersonGameMode'
[2019.01.07-03.30.04:940][779]LogUObjectGlobals: Warning: 寻找对象'Class /Game/ThirdPersonBP/Blueprints/ThirdPersonGameMode.ThirdPersonGameMode_C'失败
[2019.01.07-03.30.04:962][779]LogLoad: Game class is 'GameModeBase'
[2019.01.07-03.30.05:308][779]LogWorld: Bringing World /Game/Map/UEDPIE_0_FirstPersonExampleMap.FirstPersonExampleMap up for play (max tick rate 3) at 2019.01.07-11.30.05
[2019.01.07-03.30.05:406][779]LogWorld: Bringing up level for play took: 0.120894
[2019.01.07-03.30.08:963][779]LogContentBrowser: Native class hierarchy updated for 'MovieSceneCapture' in 0.0006 seconds. Added 11 classes and 0 folders.
[2019.01.07-03.30.09:363][779]PIE: /Game/Map/UEDPIE_0_FirstPersonExampleMap的‘在编辑器中播放’的起始时间5.763
[2019.01.07-03.30.09:372][779]LogBlueprintUserMessages: Late PlayInEditor Detection: Level '/Game/Map/FirstPersonExampleMap.FirstPersonExampleMap:PersistentLevel' has LevelScriptBlueprint '/Game/Map/FirstPersonExampleMap.FirstPersonExampleMap:PersistentLevel.FirstPersonExampleMap' with GeneratedClass '/Game/Map/FirstPersonExampleMap.FirstPersonExampleMap_C' with ClassGeneratedBy '/Game/Map/FirstPersonExampleMap.FirstPersonExampleMap:PersistentLevel.FirstPersonExampleMap'
[2019.01.07-03.30.44:408][648]LogBlueprintUserMessages: Early EndPlayMap Detection: Level '/Game/Map/FirstPersonExampleMap.FirstPersonExampleMap:PersistentLevel' has LevelScriptBlueprint '/Game/Map/FirstPersonExampleMap.FirstPersonExampleMap:PersistentLevel.FirstPersonExampleMap' with GeneratedClass '/Game/Map/FirstPersonExampleMap.FirstPersonExampleMap_C' with ClassGeneratedBy '/Game/Map/FirstPersonExampleMap.FirstPersonExampleMap:PersistentLevel.FirstPersonExampleMap'
[2019.01.07-03.30.44:647][648]LogBlueprintUserMessages: Late EndPlayMap Detection: Level '/Game/Map/FirstPersonExampleMap.FirstPersonExampleMap:PersistentLevel' has LevelScriptBlueprint '/Game/Map/FirstPersonExampleMap.FirstPersonExampleMap:PersistentLevel.FirstPersonExampleMap' with GeneratedClass '/Game/Map/FirstPersonExampleMap.FirstPersonExampleMap_C' with ClassGeneratedBy '/Game/Map/FirstPersonExampleMap.FirstPersonExampleMap:PersistentLevel.FirstPersonExampleMap'
[2019.01.07-03.30.51:904][928]LogSlate: Took 0.049055 seconds to synchronously load lazily loaded font '../../../Engine/Content/Slate/Fonts/Roboto-Light.ttf' (159K)
[2019.01.07-03.30.54:583][105]LogSlate: Warning: Prevented a slow task dialog from being summoned while a context menu was open
[2019.01.07-03.30.56:951][264]LogSlate: Warning: Prevented a slow task dialog from being summoned while a context menu was open
[2019.01.07-03.31.00:141][479]Cmd: OBJ SAVEPACKAGE PACKAGE="/Game/Map/FirstPersonExampleMap" FILE="J:/Odin/Odin/Content/Map/FirstPersonExampleMap.umap" SILENT=true AUTOSAVING=false KEEPDIRTY=false
[2019.01.07-03.31.06:531][479]LogSavePackage: Save=5966.55ms
[2019.01.07-03.31.06:531][479]LogSavePackage: Moving 'J:/Odin/Odin/Saved/FirstPersonExampleMapD3336169400F7EC003674E9FC531BDD5.tmp' to 'J:/Odin/Odin/Content/Map/FirstPersonExampleMap.umap'
[2019.01.07-03.31.06:827][479]LogSavePackage: Display: Finished SavePackage J:/Odin/Odin/Content/Map/FirstPersonExampleMap.umap
[2019.01.07-03.31.17:497][877]LogTemp: Repeating last play command: 选中的视口
[2019.01.07-03.31.17:509][877]LogBlueprintUserMessages: Early PlayInEditor Detection: Level '/Game/Map/FirstPersonExampleMap.FirstPersonExampleMap:PersistentLevel' has LevelScriptBlueprint '/Game/Map/FirstPersonExampleMap.FirstPersonExampleMap:PersistentLevel.FirstPersonExampleMap' with GeneratedClass '/Game/Map/FirstPersonExampleMap.FirstPersonExampleMap_C' with ClassGeneratedBy '/Game/Map/FirstPersonExampleMap.FirstPersonExampleMap:PersistentLevel.FirstPersonExampleMap'
[2019.01.07-03.31.17:509][877]LogPlayLevel: PlayLevel: No blueprints needed recompiling
[2019.01.07-03.31.17:510][877]PIE: New page: PIE会话: FirstPersonExampleMap (2019年1月7日 下午7:31:17)
[2019.01.07-03.31.17:510][877]LogPlayLevel: Creating play world package: /Game/Map/UEDPIE_0_FirstPersonExampleMap
[2019.01.07-03.31.17:538][877]LogPlayLevel: PIE: StaticDuplicateObject took: (0.027604s)
[2019.01.07-03.31.17:539][877]LogAIModule: Creating AISystem for world FirstPersonExampleMap
[2019.01.07-03.31.17:539][877]LogPlayLevel: PIE: World Init took: (0.001553s)
[2019.01.07-03.31.17:540][877]LogPlayLevel: PIE: Created PIE world by copying editor world from /Game/Map/FirstPersonExampleMap.FirstPersonExampleMap to /Game/Map/UEDPIE_0_FirstPersonExampleMap.FirstPersonExampleMap (0.029724s)
[2019.01.07-03.31.17:595][877]LogInit: XAudio2 using 'Realtek Digital Output(Optical) (Realtek High Definition Audio)' : 2 channels at 48 kHz using 16 bits per sample (channel mask 0x3)
[2019.01.07-03.31.17:629][877]LogInit: FAudioDevice initialized.
[2019.01.07-03.31.17:667][877]LogLoad: Game class is 'FirstPersonGameMode_C'
[2019.01.07-03.31.17:670][877]LogWorld: Bringing World /Game/Map/UEDPIE_0_FirstPersonExampleMap.FirstPersonExampleMap up for play (max tick rate 0) at 2019.01.07-11.31.17
[2019.01.07-03.31.17:670][877]LogWorld: Bringing up level for play took: 0.002334
[2019.01.07-03.31.17:692][877]PIE: /Game/Map/UEDPIE_0_FirstPersonExampleMap的‘在编辑器中播放’的起始时间0.11
[2019.01.07-03.31.17:692][877]LogBlueprintUserMessages: Late PlayInEditor Detection: Level '/Game/Map/FirstPersonExampleMap.FirstPersonExampleMap:PersistentLevel' has LevelScriptBlueprint '/Game/Map/FirstPersonExampleMap.FirstPersonExampleMap:PersistentLevel.FirstPersonExampleMap' with GeneratedClass '/Game/Map/FirstPersonExampleMap.FirstPersonExampleMap_C' with ClassGeneratedBy '/Game/Map/FirstPersonExampleMap.FirstPersonExampleMap:PersistentLevel.FirstPersonExampleMap'
[2019.01.07-03.31.20:974][232]LogBlueprintUserMessages: Early EndPlayMap Detection: Level '/Game/Map/FirstPersonExampleMap.FirstPersonExampleMap:PersistentLevel' has LevelScriptBlueprint '/Game/Map/FirstPersonExampleMap.FirstPersonExampleMap:PersistentLevel.FirstPersonExampleMap' with GeneratedClass '/Game/Map/FirstPersonExampleMap.FirstPersonExampleMap_C' with ClassGeneratedBy '/Game/Map/FirstPersonExampleMap.FirstPersonExampleMap:PersistentLevel.FirstPersonExampleMap'
[2019.01.07-03.31.21:009][232]LogBlueprintUserMessages: Late EndPlayMap Detection: Level '/Game/Map/FirstPersonExampleMap.FirstPersonExampleMap:PersistentLevel' has LevelScriptBlueprint '/Game/Map/FirstPersonExampleMap.FirstPersonExampleMap:PersistentLevel.FirstPersonExampleMap' with GeneratedClass '/Game/Map/FirstPersonExampleMap.FirstPersonExampleMap_C' with ClassGeneratedBy '/Game/Map/FirstPersonExampleMap.FirstPersonExampleMap:PersistentLevel.FirstPersonExampleMap'
[2019.01.07-03.31.22:525][373]LogEditorViewport: Clicking on Actor (LMB): StaticMeshActor (Floor)
[2019.01.07-03.31.26:166][488]LogEditorViewport: Clicking on Actor (context menu): StaticMeshActor (Wall2)
[2019.01.07-03.31.42:501][807]LogTemp: Repeating last play command: 选中的视口
[2019.01.07-03.31.42:511][807]LogBlueprintUserMessages: Early PlayInEditor Detection: Level '/Game/Map/FirstPersonExampleMap.FirstPersonExampleMap:PersistentLevel' has LevelScriptBlueprint '/Game/Map/FirstPersonExampleMap.FirstPersonExampleMap:PersistentLevel.FirstPersonExampleMap' with GeneratedClass '/Game/Map/FirstPersonExampleMap.FirstPersonExampleMap_C' with ClassGeneratedBy '/Game/Map/FirstPersonExampleMap.FirstPersonExampleMap:PersistentLevel.FirstPersonExampleMap'
[2019.01.07-03.31.42:512][807]LogPlayLevel: PlayLevel: No blueprints needed recompiling
[2019.01.07-03.31.42:512][807]PIE: New page: PIE会话: FirstPersonExampleMap (2019年1月7日 下午7:31:42)
[2019.01.07-03.31.42:512][807]LogPlayLevel: Creating play world package: /Game/Map/UEDPIE_0_FirstPersonExampleMap
[2019.01.07-03.31.42:541][807]LogPlayLevel: PIE: StaticDuplicateObject took: (0.028396s)
[2019.01.07-03.31.42:542][807]LogAIModule: Creating AISystem for world FirstPersonExampleMap
[2019.01.07-03.31.42:542][807]LogPlayLevel: PIE: World Init took: (0.001561s)
[2019.01.07-03.31.42:543][807]LogPlayLevel: PIE: Created PIE world by copying editor world from /Game/Map/FirstPersonExampleMap.FirstPersonExampleMap to /Game/Map/UEDPIE_0_FirstPersonExampleMap.FirstPersonExampleMap (0.030567s)
[2019.01.07-03.31.42:615][807]LogInit: XAudio2 using 'Realtek Digital Output(Optical) (Realtek High Definition Audio)' : 2 channels at 48 kHz using 16 bits per sample (channel mask 0x3)
[2019.01.07-03.31.42:649][807]LogInit: FAudioDevice initialized.
[2019.01.07-03.31.42:684][807]LogLoad: Game class is 'FirstPersonGameMode_C'
[2019.01.07-03.31.42:686][807]LogWorld: Bringing World /Game/Map/UEDPIE_0_FirstPersonExampleMap.FirstPersonExampleMap up for play (max tick rate 0) at 2019.01.07-11.31.42
[2019.01.07-03.31.42:687][807]LogWorld: Bringing up level for play took: 0.002108
[2019.01.07-03.31.42:689][807]PIE: /Game/Map/UEDPIE_0_FirstPersonExampleMap的‘在编辑器中播放’的起始时间1.107
[2019.01.07-03.31.42:689][807]LogBlueprintUserMessages: Late PlayInEditor Detection: Level '/Game/Map/FirstPersonExampleMap.FirstPersonExampleMap:PersistentLevel' has LevelScriptBlueprint '/Game/Map/FirstPersonExampleMap.FirstPersonExampleMap:PersistentLevel.FirstPersonExampleMap' with GeneratedClass '/Game/Map/FirstPersonExampleMap.FirstPersonExampleMap_C' with ClassGeneratedBy '/Game/Map/FirstPersonExampleMap.FirstPersonExampleMap:PersistentLevel.FirstPersonExampleMap'
[2019.01.07-03.31.46:040][173]LogBlueprintUserMessages: Early EndPlayMap Detection: Level '/Game/Map/FirstPersonExampleMap.FirstPersonExampleMap:PersistentLevel' has LevelScriptBlueprint '/Game/Map/FirstPersonExampleMap.FirstPersonExampleMap:PersistentLevel.FirstPersonExampleMap' with GeneratedClass '/Game/Map/FirstPersonExampleMap.FirstPersonExampleMap_C' with ClassGeneratedBy '/Game/Map/FirstPersonExampleMap.FirstPersonExampleMap:PersistentLevel.FirstPersonExampleMap'
[2019.01.07-03.31.46:076][173]LogBlueprintUserMessages: Late EndPlayMap Detection: Level '/Game/Map/FirstPersonExampleMap.FirstPersonExampleMap:PersistentLevel' has LevelScriptBlueprint '/Game/Map/FirstPersonExampleMap.FirstPersonExampleMap:PersistentLevel.FirstPersonExampleMap' with GeneratedClass '/Game/Map/FirstPersonExampleMap.FirstPersonExampleMap_C' with ClassGeneratedBy '/Game/Map/FirstPersonExampleMap.FirstPersonExampleMap:PersistentLevel.FirstPersonExampleMap'
[2019.01.07-03.31.53:826][265]LogAIModule: Creating AISystem for world ThirdPersonExampleMap
[2019.01.07-03.31.53:856][265]Cmd: MAP LOAD FILE="J:/Odin/Odin/Content/Map/ThirdPersonExampleMap.umap" TEMPLATE=0 SHOWPROGRESS=1 FEATURELEVEL=3
[2019.01.07-03.31.53:856][265]LightingResults: New page: 光照构建
[2019.01.07-03.31.53:857][265]LoadErrors: New page: 正在加载地图： ThirdPersonExampleMap.umap
[2019.01.07-03.31.53:859][265]MapCheck: New page: 地图检测
[2019.01.07-03.31.53:859][265]LightingResults: New page: 光照构建
[2019.01.07-03.31.54:270][265]LogEditorServer: Finished looking for orphan Actors (0.000 secs)
[2019.01.07-03.31.54:298][265]Cmd: MAP CHECKDEP NOCLEARLOG
[2019.01.07-03.31.54:406][265]MapCheck: 地图检测完成：0个错误，0 个警告，用时107.659毫秒完成。
[2019.01.07-03.31.54:406][265]LogFileHelpers: Loading map 'ThirdPersonExampleMap' took 0.553
[2019.01.07-03.31.54:418][265]LoadErrors: Error: /Game/BluePrint/ThirdPersonBP/Blueprints/ThirdPersonCharacter  : Failed import for Blueprint /Game/BluePrint/ThirdPersonBP/Blueprints/ThirdPersonCharacter.ThirdPersonCharacter /Game/BluePrint/ThirdPersonBP/Blueprints/ThirdPersonCharacter中的 [redirection] Referenced by export ObjectRedirector /Game/BluePrint/ThirdPersonBP/Blueprints/ThirdPersonCharacter.ThirdPersonCharacter
[2019.01.07-03.31.54:418][265]LoadErrors: Warning: 创建导出：加载资源 'Arrow'的外部容器失败：ThirdPersonCharacter_C /Game/Map/ThirdPersonExampleMap.ThirdPersonExampleMap:PersistentLevel.ThirdPersonCharacter_167
[2019.01.07-03.31.54:418][265]LoadErrors: Warning: 创建导出：加载资源 'FollowCamera'的外部容器失败：ThirdPersonCharacter_C /Game/Map/ThirdPersonExampleMap.ThirdPersonExampleMap:PersistentLevel.ThirdPersonCharacter_167
[2019.01.07-03.31.54:418][265]LoadErrors: Warning: 创建导出：加载资源 'CollisionCylinder'的外部容器失败：ThirdPersonCharacter_C /Game/Map/ThirdPersonExampleMap.ThirdPersonExampleMap:PersistentLevel.ThirdPersonCharacter_167
[2019.01.07-03.31.54:418][265]LoadErrors: Warning: 创建导出：加载资源 'CharMoveComp'的外部容器失败：ThirdPersonCharacter_C /Game/Map/ThirdPersonExampleMap.ThirdPersonExampleMap:PersistentLevel.ThirdPersonCharacter_167
[2019.01.07-03.31.54:418][265]LoadErrors: Warning: 创建导出：加载资源 'CharacterMesh0'的外部容器失败：ThirdPersonCharacter_C /Game/Map/ThirdPersonExampleMap.ThirdPersonExampleMap:PersistentLevel.ThirdPersonCharacter_167
[2019.01.07-03.31.54:418][265]LoadErrors: Warning: 创建导出：加载资源 'CameraBoom'的外部容器失败：ThirdPersonCharacter_C /Game/Map/ThirdPersonExampleMap.ThirdPersonExampleMap:PersistentLevel.ThirdPersonCharacter_167
[2019.01.07-03.31.59:516][515]LogTemp: Repeating last play command: 选中的视口
[2019.01.07-03.31.59:528][515]LogBlueprintUserMessages: Early PlayInEditor Detection: Level '/Game/Map/ThirdPersonExampleMap.ThirdPersonExampleMap:PersistentLevel' has LevelScriptBlueprint '/Game/Map/ThirdPersonExampleMap.ThirdPersonExampleMap:PersistentLevel.ThirdPersonExampleMap' with GeneratedClass '/Game/Map/ThirdPersonExampleMap.ThirdPersonExampleMap_C' with ClassGeneratedBy '/Game/Map/ThirdPersonExampleMap.ThirdPersonExampleMap:PersistentLevel.ThirdPersonExampleMap'
[2019.01.07-03.31.59:528][515]LogPlayLevel: PlayLevel: No blueprints needed recompiling
[2019.01.07-03.31.59:529][515]PIE: New page: PIE会话: ThirdPersonExampleMap (2019年1月7日 下午7:31:59)
[2019.01.07-03.31.59:529][515]LogPlayLevel: Creating play world package: /Game/Map/UEDPIE_0_ThirdPersonExampleMap
[2019.01.07-03.31.59:589][515]LogPlayLevel: PIE: StaticDuplicateObject took: (0.059822s)
[2019.01.07-03.31.59:590][515]LogAIModule: Creating AISystem for world ThirdPersonExampleMap
[2019.01.07-03.31.59:591][515]LogPlayLevel: PIE: World Init took: (0.001784s)
[2019.01.07-03.31.59:591][515]LogPlayLevel: PIE: Created PIE world by copying editor world from /Game/Map/ThirdPersonExampleMap.ThirdPersonExampleMap to /Game/Map/UEDPIE_0_ThirdPersonExampleMap.ThirdPersonExampleMap (0.062256s)
[2019.01.07-03.31.59:648][515]LogInit: XAudio2 using 'Realtek Digital Output(Optical) (Realtek High Definition Audio)' : 2 channels at 48 kHz using 16 bits per sample (channel mask 0x3)
[2019.01.07-03.31.59:685][515]LogInit: FAudioDevice initialized.
[2019.01.07-03.31.59:724][515]LogLoad: Game class is 'GameModeBase'
[2019.01.07-03.31.59:726][515]LogWorld: Bringing World /Game/Map/UEDPIE_0_ThirdPersonExampleMap.ThirdPersonExampleMap up for play (max tick rate 0) at 2019.01.07-11.31.59
[2019.01.07-03.31.59:726][515]LogWorld: Bringing up level for play took: 0.001659
[2019.01.07-03.31.59:729][515]PIE: /Game/Map/UEDPIE_0_ThirdPersonExampleMap的‘在编辑器中播放’的起始时间0.147
[2019.01.07-03.31.59:729][515]LogBlueprintUserMessages: Late PlayInEditor Detection: Level '/Game/Map/ThirdPersonExampleMap.ThirdPersonExampleMap:PersistentLevel' has LevelScriptBlueprint '/Game/Map/ThirdPersonExampleMap.ThirdPersonExampleMap:PersistentLevel.ThirdPersonExampleMap' with GeneratedClass '/Game/Map/ThirdPersonExampleMap.ThirdPersonExampleMap_C' with ClassGeneratedBy '/Game/Map/ThirdPersonExampleMap.ThirdPersonExampleMap:PersistentLevel.ThirdPersonExampleMap'
[2019.01.07-03.32.02:284][782]LogBlueprintUserMessages: Early EndPlayMap Detection: Level '/Game/Map/ThirdPersonExampleMap.ThirdPersonExampleMap:PersistentLevel' has LevelScriptBlueprint '/Game/Map/ThirdPersonExampleMap.ThirdPersonExampleMap:PersistentLevel.ThirdPersonExampleMap' with GeneratedClass '/Game/Map/ThirdPersonExampleMap.ThirdPersonExampleMap_C' with ClassGeneratedBy '/Game/Map/ThirdPersonExampleMap.ThirdPersonExampleMap:PersistentLevel.ThirdPersonExampleMap'
[2019.01.07-03.32.02:322][782]LogBlueprintUserMessages: Late EndPlayMap Detection: Level '/Game/Map/ThirdPersonExampleMap.ThirdPersonExampleMap:PersistentLevel' has LevelScriptBlueprint '/Game/Map/ThirdPersonExampleMap.ThirdPersonExampleMap:PersistentLevel.ThirdPersonExampleMap' with GeneratedClass '/Game/Map/ThirdPersonExampleMap.ThirdPersonExampleMap_C' with ClassGeneratedBy '/Game/Map/ThirdPersonExampleMap.ThirdPersonExampleMap:PersistentLevel.ThirdPersonExampleMap'
[2019.01.07-03.33.09:338][757]LogDirectoryWatcher: A directory notification failed for 'J:/Odin/Odin/Content/Collections/' because it could not be accessed. Aborting watch request...
[2019.01.07-03.33.09:339][757]LogDirectoryWatcher: A directory notification failed for 'J:/Odin/Odin/Content/Developers/Administrator/Collections/' because it could not be accessed. Aborting watch request...
[2019.01.07-03.33.18:888][902]LogWindowsTextInputMethodSystem: Display: IME system now activated using TSF (微软拼音).
[2019.01.07-03.33.19:752][903]Cmd: QUIT_EDITOR
[2019.01.07-03.33.20:691][903]LogExit: Preparing to exit.
[2019.01.07-03.33.28:764][903]LogExit: Editor shut down
[2019.01.07-03.33.29:101][903]LogExit: Transaction tracking system shut down
[2019.01.07-03.33.30:616][903]LogDirectoryWatcher: A directory notification for '../../../Engine/Content/' was aborted.
[2019.01.07-03.33.30:616][903]LogDirectoryWatcher: A directory notification for 'J:/Odin/Odin/Content/' was aborted.
[2019.01.07-03.33.30:616][903]LogDirectoryWatcher: A directory notification for '../../../Engine/Plugins/2D/Paper2D/Content/' was aborted.
[2019.01.07-03.33.30:616][903]LogDirectoryWatcher: A directory notification for '../../../Engine/Plugins/Media/MediaCompositing/Content/' was aborted.
[2019.01.07-03.33.30:616][903]LogDirectoryWatcher: A directory notification for '../../../Engine/Plugins/Runtime/AppleARKit/Content/' was aborted.
[2019.01.07-03.33.30:616][903]LogDirectoryWatcher: A directory notification for '../../../Engine/Plugins/Runtime/Oculus/OculusVR/Content/' was aborted.
[2019.01.07-03.33.30:616][903]LogDirectoryWatcher: A directory notification for '../../../Engine/Plugins/Runtime/Steam/SteamVR/Content/' was aborted.
[2019.01.07-03.33.34:655][903]LogExit: Object subsystem successfully closed.
[2019.01.07-03.33.35:823][903]LogD3D11RHI: Shutdown
[2019.01.07-03.33.35:823][903]LogD3D11RHI: CleanupD3DDevice
[2019.01.07-03.33.36:202][903]LogD3D11RHI: ~FD3D11DynamicRHI
[2019.01.07-03.33.38:009][903]LogModuleManager: Shutting down and abandoning module MovieSceneCapture (550)
[2019.01.07-03.33.38:009][903]LogModuleManager: Shutting down and abandoning module StatsViewer (548)
[2019.01.07-03.33.38:021][903]LogModuleManager: Shutting down and abandoning module HierarchicalLODOutliner (546)
[2019.01.07-03.33.38:021][903]LogModuleManager: Shutting down and abandoning module SceneOutliner (544)
[2019.01.07-03.33.38:021][903]LogModuleManager: Shutting down and abandoning module AddContentDialog (542)
[2019.01.07-03.33.38:037][903]LogDirectoryWatcher: A directory notification for 'E:/Unreal4/UE_4.18/FeaturePacks/' was aborted.
[2019.01.07-03.33.38:051][903]LogModuleManager: Shutting down and abandoning module WidgetCarousel (541)
[2019.01.07-03.33.38:051][903]LogModuleManager: Shutting down and abandoning module EditorWidgets (538)
[2019.01.07-03.33.38:051][903]LogModuleManager: Shutting down and abandoning module CollectionManager (536)
[2019.01.07-03.33.38:075][903]LogDirectoryWatcher: A directory notification for 'J:/Odin/Odin/Saved/Collections/' was aborted.
[2019.01.07-03.33.38:075][903]LogModuleManager: Shutting down and abandoning module FoliageEdit (534)
[2019.01.07-03.33.38:075][903]LogModuleManager: Shutting down and abandoning module LandscapeEditor (532)
[2019.01.07-03.33.38:103][903]LogModuleManager: Shutting down and abandoning module MeshPaintMode (530)
[2019.01.07-03.33.38:114][903]LogModuleManager: Shutting down and abandoning module SceneDepthPickerMode (528)
[2019.01.07-03.33.38:114][903]LogModuleManager: Shutting down and abandoning module ActorPickerMode (526)
[2019.01.07-03.33.38:114][903]LogModuleManager: Shutting down and abandoning module GeometryMode (524)
[2019.01.07-03.33.38:114][903]LogModuleManager: Shutting down and abandoning module TextureAlignMode (522)
[2019.01.07-03.33.38:114][903]LogModuleManager: Shutting down and abandoning module BspMode (520)
[2019.01.07-03.33.38:114][903]LogModuleManager: Shutting down and abandoning module PIEPreviewDeviceProfileSelector (518)
[2019.01.07-03.33.38:114][903]LogModuleManager: Shutting down and abandoning module HardwareSurvey (516)
[2019.01.07-03.33.38:114][903]LogModuleManager: Shutting down and abandoning module SequenceRecorderSections (514)
[2019.01.07-03.33.38:118][903]LogModuleManager: Shutting down and abandoning module AutomationWorker (512)
[2019.01.07-03.33.38:128][903]LogModuleManager: Shutting down and abandoning module MatineeToLevelSequence (510)
[2019.01.07-03.33.38:128][903]LogModuleManager: Shutting down and abandoning module LevelSequenceEditor (508)
[2019.01.07-03.33.38:178][903]LogModuleManager: Shutting down and abandoning module PlacementMode (507)
[2019.01.07-03.33.38:178][903]LogModuleManager: Shutting down and abandoning module WmfMediaFactory (504)
[2019.01.07-03.33.38:178][903]LogModuleManager: Shutting down and abandoning module WmfMediaEditor (502)
[2019.01.07-03.33.38:178][903]LogModuleManager: Shutting down and abandoning module OpenExrWrapper (500)
[2019.01.07-03.33.38:178][903]LogModuleManager: Shutting down and abandoning module ImgMediaFactory (498)
[2019.01.07-03.33.38:178][903]LogModuleManager: Shutting down and abandoning module ImgMediaEditor (496)
[2019.01.07-03.33.38:179][903]LogModuleManager: Shutting down and abandoning module AvfMediaFactory (494)
[2019.01.07-03.33.38:179][903]LogModuleManager: Shutting down and abandoning module AvfMediaEditor (492)
[2019.01.07-03.33.38:179][903]LogModuleManager: Shutting down and abandoning module AndroidMediaFactory (490)
[2019.01.07-03.33.38:179][903]LogModuleManager: Shutting down and abandoning module AndroidMediaEditor (488)
[2019.01.07-03.33.38:179][903]LogModuleManager: Shutting down and abandoning module CharacterAI (486)
[2019.01.07-03.33.38:191][903]LogModuleManager: Shutting down and abandoning module AudioCapture (484)
[2019.01.07-03.33.38:212][903]LogModuleManager: Shutting down and abandoning module SequenceRecorder (483)
[2019.01.07-03.33.38:223][903]LogModuleManager: Shutting down and abandoning module SmartSnapping (480)
[2019.01.07-03.33.38:240][903]LogModuleManager: Shutting down and abandoning module SessionServices (478)
[2019.01.07-03.33.38:240][903]LogModuleManager: Shutting down and abandoning module ViewportSnapping (476)
[2019.01.07-03.33.38:240][903]LogModuleManager: Shutting down and abandoning module ViewportInteraction (474)
[2019.01.07-03.33.38:240][903]LogModuleManager: Shutting down and abandoning module ClothPainter (472)
[2019.01.07-03.33.38:271][903]LogModuleManager: Shutting down and abandoning module SkeletalMeshEditor (471)
[2019.01.07-03.33.38:273][903]LogModuleManager: Shutting down and abandoning module LogVisualizer (468)
[2019.01.07-03.33.38:291][903]LogModuleManager: Shutting down and abandoning module IntroTutorials (466)
[2019.01.07-03.33.38:333][903]LogModuleManager: Shutting down and abandoning module GameProjectGeneration (465)
[2019.01.07-03.33.38:390][903]LogModuleManager: Shutting down and abandoning module IOSPlatformEditor (462)
[2019.01.07-03.33.38:411][903]LogModuleManager: Shutting down and abandoning module HTML5PlatformEditor (460)
[2019.01.07-03.33.38:411][903]LogModuleManager: Shutting down and abandoning module AndroidPlatformEditor (458)
[2019.01.07-03.33.38:411][903]LogModuleManager: Shutting down and abandoning module AndroidDeviceDetection (457)
[2019.01.07-03.33.38:517][903]LogModuleManager: Shutting down and abandoning module WindowsPlatformEditor (454)
[2019.01.07-03.33.38:517][903]LogModuleManager: Shutting down and abandoning module IOSRuntimeSettings (452)
[2019.01.07-03.33.38:517][903]LogModuleManager: Shutting down and abandoning module AndroidRuntimeSettings (450)
[2019.01.07-03.33.38:517][903]LogModuleManager: Shutting down and abandoning module InputBindingEditor (448)
[2019.01.07-03.33.38:547][903]LogModuleManager: Shutting down and abandoning module MergeActors (446)
[2019.01.07-03.33.38:561][903]LogModuleManager: Shutting down and abandoning module SizeMap (444)
[2019.01.07-03.33.38:568][903]LogModuleManager: Shutting down and abandoning module TreeMap (442)
[2019.01.07-03.33.38:583][903]LogModuleManager: Shutting down and abandoning module ReferenceViewer (440)
[2019.01.07-03.33.38:588][903]LogModuleManager: Shutting down and abandoning module LocalizationDashboard (438)
[2019.01.07-03.33.38:626][903]LogModuleManager: Shutting down and abandoning module LocalizationService (437)
[2019.01.07-03.33.38:638][903]LogModuleManager: Shutting down and abandoning module HardwareTargeting (434)
[2019.01.07-03.33.38:638][903]LogModuleManager: Shutting down and abandoning module DeviceProfileEditor (432)
[2019.01.07-03.33.38:650][903]LogModuleManager: Shutting down and abandoning module UndoHistory (430)
[2019.01.07-03.33.38:659][903]LogModuleManager: Shutting down and abandoning module XmlParser (428)
[2019.01.07-03.33.38:673][903]LogModuleManager: Shutting down and abandoning module Blutility (426)
[2019.01.07-03.33.38:686][903]LogModuleManager: Shutting down and abandoning module ProjectSettingsViewer (424)
[2019.01.07-03.33.38:731][903]LogModuleManager: Shutting down and abandoning module ProjectTargetPlatformEditor (423)
[2019.01.07-03.33.38:790][903]LogModuleManager: Shutting down and abandoning module EditorSettingsViewer (420)
[2019.01.07-03.33.38:804][903]LogModuleManager: Shutting down and abandoning module SettingsEditor (418)
[2019.01.07-03.33.38:831][903]LogModuleManager: Shutting down and abandoning module ProjectLauncher (416)
[2019.01.07-03.33.39:035][903]LogModuleManager: Shutting down and abandoning module SessionFrontend (414)
[2019.01.07-03.33.39:069][903]LogModuleManager: Shutting down and abandoning module ProfilerClient (412)
[2019.01.07-03.33.39:092][903]LogModuleManager: Shutting down and abandoning module DeviceManager (410)
[2019.01.07-03.33.39:155][903]LogModuleManager: Shutting down and abandoning module TargetDeviceServices (409)
[2019.01.07-03.33.39:556][903]LogModuleManager: Shutting down and abandoning module AutomationController (406)
[2019.01.07-03.33.39:733][903]LogModuleManager: Shutting down and abandoning module AutomationWindow (404)
[2019.01.07-03.33.39:889][903]LogModuleManager: Shutting down and abandoning module Layers (402)
[2019.01.07-03.33.40:138][903]LogModuleManager: Shutting down and abandoning module ComponentVisualizers (400)
[2019.01.07-03.33.40:138][903]LogModuleManager: Shutting down and abandoning module DetailCustomizations (398)
[2019.01.07-03.33.40:200][903]LogModuleManager: Shutting down and abandoning module PackagesDialog (396)
[2019.01.07-03.33.40:214][903]LogModuleManager: Shutting down and abandoning module Persona (394)
[2019.01.07-03.33.40:582][903]LogModuleManager: Shutting down and abandoning module AdvancedPreviewScene (393)
[2019.01.07-03.33.40:583][903]LogModuleManager: Shutting down and abandoning module AnimGraph (391)
[2019.01.07-03.33.40:583][903]LogModuleManager: Shutting down and abandoning module Kismet (388)
[2019.01.07-03.33.40:641][903]LogModuleManager: Shutting down and abandoning module ClassViewer (386)
[2019.01.07-03.33.40:644][903]LogModuleManager: Shutting down and abandoning module Toolbox (384)
[2019.01.07-03.33.40:644][903]LogModuleManager: Shutting down and abandoning module ModuleUI (382)
[2019.01.07-03.33.40:712][903]LogModuleManager: Shutting down and abandoning module MovieSceneTools (380)
[2019.01.07-03.33.40:929][903]LogModuleManager: Shutting down and abandoning module OutputLog (378)
[2019.01.07-03.33.40:929][903]LogModuleManager: Shutting down and abandoning module GammaUI (376)
[2019.01.07-03.33.40:955][903]LogModuleManager: Shutting down and abandoning module Documentation (374)
[2019.01.07-03.33.40:955][903]LogModuleManager: Shutting down and abandoning module MovieSceneTracks (372)
[2019.01.07-03.33.40:955][903]LogModuleManager: Shutting down and abandoning module MovieScene (370)
[2019.01.07-03.33.40:955][903]LogModuleManager: Shutting down and abandoning module StreamingPauseRendering (368)
[2019.01.07-03.33.40:989][903]LogModuleManager: Shutting down and abandoning module LauncherPlatform (366)
[2019.01.07-03.33.40:989][903]LogModuleManager: Shutting down and abandoning module AnalyticsET (364)
[2019.01.07-03.33.40:989][903]LogModuleManager: Shutting down and abandoning module PortalServices (362)
[2019.01.07-03.33.40:989][903]LogModuleManager: Shutting down and abandoning module PortalRpc (360)
[2019.01.07-03.33.40:989][903]LogModuleManager: Shutting down and abandoning module MessagingRpc (358)
[2019.01.07-03.33.40:989][903]LogModuleManager: Shutting down and abandoning module AIModule (356)
[2019.01.07-03.33.41:019][903]LogModuleManager: Shutting down and abandoning module GameplayDebugger (355)
[2019.01.07-03.33.41:019][903]LogModuleManager: Shutting down and abandoning module AITestSuite (353)
[2019.01.07-03.33.41:052][903]LogModuleManager: Shutting down and abandoning module DesktopPlatform (350)
[2019.01.07-03.33.41:082][903]LogModuleManager: Shutting down and abandoning module ProfilerService (348)
[2019.01.07-03.33.41:579][903]LogModuleManager: Shutting down and abandoning module TaskGraph (346)
[2019.01.07-03.33.41:616][903]LogModuleManager: Shutting down and abandoning module SteamVRController (344)
[2019.01.07-03.33.41:616][903]LogModuleManager: Shutting down and abandoning module ProceduralMeshComponentEditor (342)
[2019.01.07-03.33.41:616][903]LogModuleManager: Shutting down and abandoning module ProceduralMeshComponent (340)
[2019.01.07-03.33.41:616][903]LogModuleManager: Shutting down and abandoning module OculusInput (338)
[2019.01.07-03.33.41:616][903]LogModuleManager: Shutting down and abandoning module MobilePatchingUtils (336)
[2019.01.07-03.33.41:617][903]LogModuleManager: Shutting down and abandoning module CustomMeshComponent (334)
[2019.01.07-03.33.41:617][903]LogModuleManager: Shutting down and abandoning module CableComponent (332)
[2019.01.07-03.33.41:617][903]LogModuleManager: Shutting down and abandoning module ArchVisCharacter (330)
[2019.01.07-03.33.41:617][903]LogModuleManager: Shutting down and abandoning module AndroidPermission (328)
[2019.01.07-03.33.41:617][903]LogModuleManager: Shutting down and abandoning module ActorSequence (324)
[2019.01.07-03.33.41:617][903]LogModuleManager: Shutting down and abandoning module MediaPlayerEditor (322)
[2019.01.07-03.33.41:773][903]LogModuleManager: Shutting down and abandoning module MediaCompositingEditor (320)
[2019.01.07-03.33.41:796][903]LogModuleManager: Shutting down and abandoning module MediaCompositing (318)
[2019.01.07-03.33.41:796][903]LogModuleManager: Shutting down and abandoning module HTML5Networking (316)
[2019.01.07-03.33.41:796][903]LogModuleManager: Shutting down and abandoning module AlembicImporter (314)
[2019.01.07-03.33.41:830][903]LogModuleManager: Shutting down and abandoning module AlembicLibrary (313)
[2019.01.07-03.33.41:831][903]LogModuleManager: Shutting down and abandoning module GeometryCache (312)
[2019.01.07-03.33.41:831][903]LogModuleManager: Shutting down and abandoning module GeometryCacheEd (311)
[2019.01.07-03.33.41:831][903]LogModuleManager: Shutting down and abandoning module SpeedTreeImporter (306)
[2019.01.07-03.33.41:831][903]LogModuleManager: Shutting down and abandoning module PluginBrowser (304)
[2019.01.07-03.33.42:010][903]LogModuleManager: Shutting down and abandoning module MobileLauncherProfileWizard (302)
[2019.01.07-03.33.42:167][903]LogModuleManager: Shutting down and abandoning module VisualStudioSourceCodeAccess (300)
[2019.01.07-03.33.42:195][903]LogModuleManager: Shutting down and abandoning module VisualStudioCodeSourceCodeAccess (298)
[2019.01.07-03.33.42:196][903]LogModuleManager: Shutting down and abandoning module UObjectPlugin (296)
[2019.01.07-03.33.42:196][903]LogModuleManager: Shutting down and abandoning module SubversionSourceControl (294)
[2019.01.07-03.33.42:251][903]LogModuleManager: Shutting down and abandoning module PerforceSourceControl (292)
[2019.01.07-03.33.42:378][903]LogModuleManager: Shutting down and abandoning module GitSourceControl (290)
[2019.01.07-03.33.42:415][903]LogModuleManager: Shutting down and abandoning module SourceControl (289)
[2019.01.07-03.33.42:453][903]LogModuleManager: Shutting down and abandoning module LightPropagationVolumeEditor (286)
[2019.01.07-03.33.42:453][903]LogModuleManager: Shutting down and abandoning module PaperTiledImporter (284)
[2019.01.07-03.33.42:453][903]LogModuleManager: Shutting down and abandoning module PaperSpriteSheetImporter (282)
[2019.01.07-03.33.42:453][903]LogModuleManager: Shutting down and abandoning module Paper2DEditor (280)
[2019.01.07-03.33.42:478][903]LogModuleManager: Shutting down and abandoning module MeshPaint (279)
[2019.01.07-03.33.42:493][903]LogModuleManager: Shutting down and abandoning module LevelEditor (277)
[2019.01.07-03.33.42:625][903]LogModuleManager: Shutting down and abandoning module PixelInspectorModule (276)
[2019.01.07-03.33.42:730][903]LogModuleManager: Shutting down and abandoning module MainFrame (274)
[2019.01.07-03.33.42:730][903]LogModuleManager: Shutting down and abandoning module HotReload (273)
[2019.01.07-03.33.42:754][903]LogModuleManager: Shutting down and abandoning module RuntimePhysXCooking (268)
[2019.01.07-03.33.42:800][903]LogModuleManager: Shutting down and abandoning module PhysXVehiclesEditor (266)
[2019.01.07-03.33.42:832][903]LogModuleManager: Shutting down and abandoning module PhysXVehicles (264)
[2019.01.07-03.33.42:832][903]LogModuleManager: Shutting down and abandoning module OculusEditor (262)
[2019.01.07-03.33.42:849][903]LogModuleManager: Shutting down and abandoning module LocationServicesBPLibrary (260)
[2019.01.07-03.33.42:849][903]LogModuleManager: Shutting down and abandoning module ImmediatePhysicsEditor (258)
[2019.01.07-03.33.42:849][903]LogModuleManager: Shutting down and abandoning module ImmediatePhysics (256)
[2019.01.07-03.33.42:849][903]LogModuleManager: Shutting down and abandoning module UdpMessaging (254)
[2019.01.07-03.33.42:950][903]LogModuleManager: Shutting down and abandoning module TcpMessaging (252)
[2019.01.07-03.33.43:051][903]LogModuleManager: Shutting down and abandoning module GameplayTagsEditor (250)
[2019.01.07-03.33.43:118][903]LogModuleManager: Shutting down and abandoning module FacialAnimationEditor (248)
[2019.01.07-03.33.43:191][903]LogModuleManager: Shutting down and abandoning module FacialAnimation (246)
[2019.01.07-03.33.43:191][903]LogModuleManager: Shutting down and abandoning module AssetManagerEditor (244)
[2019.01.07-03.33.43:268][903]LogModuleManager: Shutting down and abandoning module GraphEditor (243)
[2019.01.07-03.33.43:515][903]LogModuleManager: Shutting down and abandoning module ContentBrowser (241)
[2019.01.07-03.33.43:517][903]LogModuleManager: Shutting down and abandoning module LightPropagationVolumeRuntime (238)
[2019.01.07-03.33.43:517][903]LogModuleManager: Shutting down and abandoning module Paper2D (236)
[2019.01.07-03.33.43:517][903]LogModuleManager: Shutting down and abandoning module WindowsMoviePlayer (234)
[2019.01.07-03.33.43:659][903]LogModuleManager: Shutting down and abandoning module WmfMedia (232)
[2019.01.07-03.33.43:900][903]LogModuleManager: Shutting down and abandoning module ImgMedia (230)
[2019.01.07-03.33.43:900][903]LogModuleManager: Shutting down and abandoning module PacketHandler (228)
[2019.01.07-03.33.43:925][903]LogModuleManager: Shutting down and abandoning module ClothingSystemEditor (226)
[2019.01.07-03.33.43:926][903]LogModuleManager: Shutting down and abandoning module ClothingSystemRuntime (224)
[2019.01.07-03.33.44:083][903]LogModuleManager: Shutting down and abandoning module MediaAssets (222)
[2019.01.07-03.33.44:083][903]LogModuleManager: Shutting down and abandoning module Media (221)
[2019.01.07-03.33.44:109][903]LogModuleManager: Shutting down and abandoning module Overlay (218)
[2019.01.07-03.33.44:109][903]LogModuleManager: Shutting down and abandoning module OverlayEditor (217)
[2019.01.07-03.33.44:109][903]LogModuleManager: Shutting down and abandoning module VREditor (214)
[2019.01.07-03.33.44:142][903]LogModuleManager: Shutting down and abandoning module StringTableEditor (212)
[2019.01.07-03.33.44:159][903]LogModuleManager: Shutting down and abandoning module GameplayTasksEditor (210)
[2019.01.07-03.33.44:159][903]LogModuleManager: Shutting down and abandoning module BehaviorTreeEditor (208)
[2019.01.07-03.33.44:202][903]LogModuleManager: Shutting down and abandoning module FunctionalTesting (206)
[2019.01.07-03.33.44:203][903]LogModuleManager: Shutting down and abandoning module CollisionAnalyzer (204)
[2019.01.07-03.33.44:246][903]LogModuleManager: Shutting down and abandoning module WorkspaceMenuStructure (203)
[2019.01.07-03.33.44:376][903]LogModuleManager: Shutting down and abandoning module UMG (200)
[2019.01.07-03.33.44:393][903]LogModuleManager: Shutting down and abandoning module UMGEditor (199)
[2019.01.07-03.33.44:496][903]LogModuleManager: Shutting down and abandoning module Sequencer (198)
[2019.01.07-03.33.44:561][903]LogModuleManager: Shutting down and abandoning module MessageLog (195)
[2019.01.07-03.33.44:579][903]LogModuleManager: Shutting down and abandoning module SlateReflector (190)
[2019.01.07-03.33.44:672][903]LogModuleManager: Shutting down and abandoning module Slate (188)
[2019.01.07-03.33.44:672][903]LogModuleManager: Shutting down and abandoning module EditorStyle (186)
[2019.01.07-03.33.45:636][903]LogModuleManager: Shutting down and abandoning module MRMesh (184)
[2019.01.07-03.33.45:636][903]LogModuleManager: Shutting down and abandoning module SourceCodeAccess (182)
[2019.01.07-03.33.45:681][903]LogModuleManager: Shutting down and abandoning module HeadMountedDisplay (180)
[2019.01.07-03.33.45:681][903]LogModuleManager: Shutting down and abandoning module XAudio2 (178)
[2019.01.07-03.33.45:681][903]LogModuleManager: Shutting down and abandoning module Networking (176)
[2019.01.07-03.33.45:698][903]LogModuleManager: Shutting down and abandoning module Core (172)
[2019.01.07-03.33.45:698][903]LogModuleManager: Shutting down and abandoning module LevelSequence (168)
[2019.01.07-03.33.45:698][903]LogModuleManager: Shutting down and abandoning module DirectoryWatcher (166)
[2019.01.07-03.33.45:916][903]LogModuleManager: Shutting down and abandoning module KismetCompiler (164)
[2019.01.07-03.33.45:916][903]LogModuleManager: Shutting down and abandoning module MeshUtilities (162)
[2019.01.07-03.33.46:006][903]LogModuleManager: Shutting down and abandoning module MeshMergeUtilities (161)
[2019.01.07-03.33.46:066][903]LogModuleManager: Shutting down and abandoning module MeshReductionInterface (160)
[2019.01.07-03.33.46:066][903]LogModuleManager: Shutting down and abandoning module SimplygonSwarm (159)
[2019.01.07-03.33.46:094][903]LogModuleManager: Shutting down and abandoning module SimplygonMeshReduction (157)
[2019.01.07-03.33.46:114][903]LogModuleManager: Shutting down and abandoning module QuadricMeshReduction (155)
[2019.01.07-03.33.46:142][903]LogModuleManager: Shutting down and abandoning module MaterialBaking (151)
[2019.01.07-03.33.46:163][903]LogModuleManager: Shutting down and abandoning module DerivedDataCache (148)
[2019.01.07-03.33.46:223][903]LogDerivedDataCache: Shutdown
[2019.01.07-03.33.46:223][903]LogModuleManager: Shutting down and abandoning module TargetPlatform (146)
[2019.01.07-03.33.46:278][903]LogModuleManager: Shutting down and abandoning module VulkanShaderFormat (145)
[2019.01.07-03.33.46:329][903]LogModuleManager: Shutting down and abandoning module ShaderFormatVectorVM (143)
[2019.01.07-03.33.46:417][903]LogModuleManager: Shutting down and abandoning module ShaderFormatOpenGL (141)
[2019.01.07-03.33.46:480][903]LogModuleManager: Shutting down and abandoning module ShaderFormatD3D (139)
[2019.01.07-03.33.46:501][903]LogModuleManager: Shutting down and abandoning module MetalShaderFormat (137)
[2019.01.07-03.33.46:534][903]LogModuleManager: Shutting down and abandoning module TextureFormatUncompressed (135)
[2019.01.07-03.33.46:550][903]LogModuleManager: Shutting down and abandoning module TextureFormatPVR (133)
[2019.01.07-03.33.46:566][903]LogModuleManager: Shutting down and abandoning module TextureFormatDXT (131)
[2019.01.07-03.33.46:566][903]LogModuleManager: Shutting down and abandoning module TextureFormatIntelISPCTexComp (129)
[2019.01.07-03.33.46:692][903]LogModuleManager: Shutting down and abandoning module TextureFormatASTC (127)
[2019.01.07-03.33.46:692][903]LogModuleManager: Shutting down and abandoning module ImageWrapper (126)
[2019.01.07-03.33.46:692][903]LogModuleManager: Shutting down and abandoning module TextureFormatAndroid (123)
[2019.01.07-03.33.46:710][903]LogModuleManager: Shutting down and abandoning module AudioFormatOpus (121)
[2019.01.07-03.33.46:784][903]LogModuleManager: Shutting down and abandoning module AudioFormatOgg (119)
[2019.01.07-03.33.46:807][903]LogModuleManager: Shutting down and abandoning module AudioFormatADPCM (117)
[2019.01.07-03.33.46:807][903]LogModuleManager: Shutting down and abandoning module LinuxTargetPlatform (115)
[2019.01.07-03.33.46:830][903]LogModuleManager: Shutting down and abandoning module LinuxServerTargetPlatform (113)
[2019.01.07-03.33.46:849][903]LogModuleManager: Shutting down and abandoning module LinuxNoEditorTargetPlatform (111)
[2019.01.07-03.33.46:849][903]LogModuleManager: Shutting down and abandoning module LinuxClientTargetPlatform (109)
[2019.01.07-03.33.46:849][903]LogModuleManager: Shutting down and abandoning module TVOSTargetPlatform (107)
[2019.01.07-03.33.46:850][903]LogModuleManager: Shutting down and abandoning module Messaging (105)
[2019.01.07-03.33.46:878][903]LogModuleManager: Shutting down and abandoning module IOSTargetPlatform (103)
[2019.01.07-03.33.46:878][903]LogModuleManager: Shutting down and abandoning module HTML5TargetPlatform (101)
[2019.01.07-03.33.46:878][903]LogModuleManager: Shutting down and abandoning module AndroidTargetPlatform (99)
[2019.01.07-03.33.46:907][903]LogModuleManager: Shutting down and abandoning module Android_PVRTCTargetPlatform (97)
[2019.01.07-03.33.46:908][903]LogModuleManager: Shutting down and abandoning module Android_MultiTargetPlatform (95)
[2019.01.07-03.33.46:908][903]LogModuleManager: Shutting down and abandoning module Android_ETC2TargetPlatform (93)
[2019.01.07-03.33.46:908][903]LogModuleManager: Shutting down and abandoning module Android_ETC1TargetPlatform (91)
[2019.01.07-03.33.46:939][903]LogModuleManager: Shutting down and abandoning module Android_DXTTargetPlatform (89)
[2019.01.07-03.33.46:939][903]LogModuleManager: Shutting down and abandoning module Android_ATCTargetPlatform (87)
[2019.01.07-03.33.46:939][903]LogModuleManager: Shutting down and abandoning module Android_ASTCTargetPlatform (85)
[2019.01.07-03.33.46:939][903]LogModuleManager: Shutting down and abandoning module WindowsTargetPlatform (83)
[2019.01.07-03.33.46:940][903]LogModuleManager: Shutting down and abandoning module WindowsServerTargetPlatform (81)
[2019.01.07-03.33.46:957][903]LogModuleManager: Shutting down and abandoning module WindowsNoEditorTargetPlatform (79)
[2019.01.07-03.33.46:968][903]LogModuleManager: Shutting down and abandoning module WindowsClientTargetPlatform (77)
[2019.01.07-03.33.46:985][903]LogModuleManager: Shutting down and abandoning module MacTargetPlatform (75)
[2019.01.07-03.33.47:007][903]LogModuleManager: Shutting down and abandoning module MacServerTargetPlatform (73)
[2019.01.07-03.33.47:032][903]LogModuleManager: Shutting down and abandoning module MacNoEditorTargetPlatform (71)
[2019.01.07-03.33.47:052][903]LogModuleManager: Shutting down and abandoning module MacClientTargetPlatform (69)
[2019.01.07-03.33.47:084][903]LogModuleManager: Shutting down and abandoning module AllDesktopTargetPlatform (67)
[2019.01.07-03.33.47:084][903]LogModuleManager: Shutting down and abandoning module InputCore (64)
[2019.01.07-03.33.47:084][903]LogModuleManager: Shutting down and abandoning module Settings (62)
[2019.01.07-03.33.47:104][903]LogModuleManager: Shutting down and abandoning module PhysXCooking (60)
[2019.01.07-03.33.47:104][903]LogModuleManager: Shutting down and abandoning module SteamVR (58)
[2019.01.07-03.33.47:104][903]LogModuleManager: Shutting down and abandoning module OculusHMD (56)
[2019.01.07-03.33.47:132][903]LogModuleManager: Shutting down and abandoning module ExampleDeviceProfileSelector (54)
[2019.01.07-03.33.47:160][903]LogModuleManager: Shutting down and abandoning module AppleARKit (52)
[2019.01.07-03.33.47:161][903]LogModuleManager: Shutting down and abandoning module AugmentedReality (51)
[2019.01.07-03.33.47:161][903]LogModuleManager: Shutting down and abandoning module OnlineBlueprintSupport (48)
[2019.01.07-03.33.47:161][903]LogModuleManager: Shutting down and abandoning module OnlineSubsystem (44)
[2019.01.07-03.33.47:247][903]LogModuleManager: Shutting down and abandoning module XMPP (43)
[2019.01.07-03.33.47:379][903]LogModuleManager: Shutting down and abandoning module HTTP (41)
[2019.01.07-03.33.47:380][903]LogHttp: Display: Http module shutting down, but needs to wait on 1 outstanding Http requests:
[2019.01.07-03.33.47:409][903]LogHttp: Display: 	verb=[POST] url=[https://datarouter.ol.epicgames.com/datarouter/api/v1/public/data?SessionID=%7BAE6AFF2A-4345-47F9-36EC-D3B76768BCDD%7D&AppID=UEEditor.Rocket.Release&AppVersion=4.18.3-3832480%2B%2B%2BUE4%2BRelease-4.18&UserID=296a1f0049f915eb6cc4ff81ee48babf%7C412d700e668d46d48ad8c92d70c97375%7C009cc6d6-ce20-4ff3-80ae-18e1913c419b&AppEnvironment=datacollector-binary&UploadType=eteventstream] status=Processing
[2019.01.07-03.33.47:700][903]LogModuleManager: Shutting down and abandoning module SSL (40)
[2019.01.07-03.33.47:738][903]LogModuleManager: Shutting down and abandoning module AnimationModifiers (36)
[2019.01.07-03.33.47:805][903]LogModuleManager: Shutting down and abandoning module PropertyEditor (35)
[2019.01.07-03.33.47:930][903]LogModuleManager: Shutting down and abandoning module AudioEditor (32)
[2019.01.07-03.33.47:989][903]LogModuleManager: Shutting down and abandoning module TextureCompressor (30)
[2019.01.07-03.33.48:336][903]LogModuleManager: Shutting down and abandoning module ShaderCore (28)
[2019.01.07-03.33.48:337][903]LogModuleManager: Shutting down and abandoning module Landscape (26)
[2019.01.07-03.33.48:337][903]LogModuleManager: Shutting down and abandoning module SlateRHIRenderer (24)
[2019.01.07-03.33.48:396][903]LogModuleManager: Shutting down and abandoning module OpenGLDrv (22)
[2019.01.07-03.33.48:436][903]LogModuleManager: Shutting down and abandoning module D3D11RHI (20)
[2019.01.07-03.33.48:436][903]LogModuleManager: Shutting down and abandoning module AnimGraphRuntime (18)
[2019.01.07-03.33.48:436][903]LogModuleManager: Shutting down and abandoning module Renderer (16)
[2019.01.07-03.33.48:436][903]LogModuleManager: Shutting down and abandoning module Engine (14)
[2019.01.07-03.33.48:436][903]LogModuleManager: Shutting down and abandoning module CoreUObject (12)
[2019.01.07-03.33.48:436][903]LogModuleManager: Shutting down and abandoning module NetworkFile (10)
[2019.01.07-03.33.48:458][903]LogModuleManager: Shutting down and abandoning module CookedIterativeFile (8)
[2019.01.07-03.33.48:469][903]LogModuleManager: Shutting down and abandoning module StreamingFile (6)
[2019.01.07-03.33.48:486][903]LogModuleManager: Shutting down and abandoning module SandboxFile (4)
[2019.01.07-03.33.48:486][903]LogModuleManager: Shutting down and abandoning module PakFile (2)
[2019.01.07-03.33.48:552][903]LogExit: Exiting.
[2019.01.07-03.33.49:859][903]Log file closed, 01/07/19 11:33:49
